2017-12-07 19:30:24,660 [ModalContext] INFO  o.e.m.c.i.e.AbstractTransferListenerAdapter - Downloaded http://repo.maven.apache.org/maven2/org/glassfish/jersey/archetypes/jersey.quickstart.webapp/2.16/jersey.quickstart.webapp-2.16.pom
2017-12-07 19:30:24,674 [ModalContext] ERROR o.e.m.c.u.i.w.MavenProjectWizardArchetypePage - Can't resolve Archetype org.glassfish.jersey.archetypes:jersey.quickstart.webapp:2.16
org.eclipse.core.runtime.CoreException: Could not resolve artifact org.glassfish.jersey.archetypes:jersey.quickstart.webapp:pom:2.16
	at org.eclipse.m2e.core.internal.embedder.MavenImpl$5.call(MavenImpl.java:769) ~[na:na]
	at org.eclipse.m2e.core.internal.embedder.MavenImpl$5.call(MavenImpl.java:1) ~[na:na]
	at org.eclipse.m2e.core.internal.embedder.MavenExecutionContext.executeBare(MavenExecutionContext.java:166) ~[na:na]
	at org.eclipse.m2e.core.internal.embedder.MavenExecutionContext.execute(MavenExecutionContext.java:142) ~[na:na]
	at org.eclipse.m2e.core.internal.embedder.MavenExecutionContext.execute(MavenExecutionContext.java:96) ~[na:na]
	at org.eclipse.m2e.core.internal.embedder.MavenImpl.resolve(MavenImpl.java:736) ~[na:na]
	at org.eclipse.m2e.core.internal.embedder.MavenImpl.resolve(MavenImpl.java:713) ~[na:na]
	at org.eclipse.m2e.core.ui.internal.wizards.MavenProjectWizardArchetypePage$18.run(MavenProjectWizardArchetypePage.java:820) ~[org.eclipse.m2e.core.ui_1.5.1.20150109-1820.jar:na]
	at org.eclipse.jface.operation.ModalContext$ModalContextThread.run(ModalContext.java:122) [org.eclipse.jface_3.10.2.v20141021-1035.jar:na]
2017-12-07 20:05:17,751 [ModalContext] INFO  o.e.m.c.i.e.AbstractTransferListenerAdapter - Downloading http://repo.maven.apache.org/maven2/org/glassfish/jersey/archetypes/jersey-quickstart-webapp/2.16/jersey-quickstart-webapp-2.16.pom
2017-12-07 20:05:18,299 [ModalContext] INFO  o.e.m.c.i.e.AbstractTransferListenerAdapter - Downloaded http://repo.maven.apache.org/maven2/org/glassfish/jersey/archetypes/jersey-quickstart-webapp/2.16/jersey-quickstart-webapp-2.16.pom
2017-12-07 20:05:18,569 [ModalContext] INFO  o.e.m.c.i.e.AbstractTransferListenerAdapter - Downloading http://repo.maven.apache.org/maven2/org/glassfish/jersey/archetypes/jersey-quickstart-webapp/2.16/jersey-quickstart-webapp-2.16.jar
2017-12-07 20:05:19,075 [ModalContext] INFO  o.e.m.c.i.e.AbstractTransferListenerAdapter - Downloaded http://repo.maven.apache.org/maven2/org/glassfish/jersey/archetypes/jersey-quickstart-webapp/2.16/jersey-quickstart-webapp-2.16.jar
2017-12-07 20:07:45,115 [Worker-12] INFO  o.e.m.c.i.p.ProjectConfigurationManager - Collecting project info '/pom.xml' C:\Users\ka264v\RestDemo\messenger\pom.xml
2017-12-07 20:07:45,752 [Worker-12] INFO  o.e.m.c.i.e.AbstractTransferListenerAdapter - Downloading http://repo.maven.apache.org/maven2/org/glassfish/jersey/jersey-bom/2.16/jersey-bom-2.16.pom
2017-12-07 20:07:46,491 [Worker-12] INFO  o.e.m.c.i.e.AbstractTransferListenerAdapter - Downloaded http://repo.maven.apache.org/maven2/org/glassfish/jersey/jersey-bom/2.16/jersey-bom-2.16.pom
2017-12-07 20:07:46,525 [Worker-12] INFO  o.e.m.c.i.e.AbstractTransferListenerAdapter - Downloading http://repo.maven.apache.org/maven2/net/java/jvnet-parent/4/jvnet-parent-4.pom
2017-12-07 20:07:46,572 [Worker-12] INFO  o.e.m.c.i.e.AbstractTransferListenerAdapter - Downloaded http://repo.maven.apache.org/maven2/net/java/jvnet-parent/4/jvnet-parent-4.pom
2017-12-07 20:07:47,106 [Worker-12] INFO  o.e.m.c.i.e.AbstractTransferListenerAdapter - Downloading http://repo.maven.apache.org/maven2/org/apache/maven/plugins/maven-compiler-plugin/2.5.1/maven-compiler-plugin-2.5.1.jar
2017-12-07 20:07:47,170 [Worker-12] INFO  o.e.m.c.i.e.AbstractTransferListenerAdapter - Downloaded http://repo.maven.apache.org/maven2/org/apache/maven/plugins/maven-compiler-plugin/2.5.1/maven-compiler-plugin-2.5.1.jar
2017-12-07 20:07:47,256 [Worker-12] INFO  o.e.m.c.i.e.AbstractTransferListenerAdapter - Downloading http://repo.maven.apache.org/maven2/org/apache/maven/plugins/maven-war-plugin/2.2/maven-war-plugin-2.2.jar
2017-12-07 20:07:47,338 [Worker-12] INFO  o.e.m.c.i.e.AbstractTransferListenerAdapter - Downloaded http://repo.maven.apache.org/maven2/org/apache/maven/plugins/maven-war-plugin/2.2/maven-war-plugin-2.2.jar
2017-12-07 20:07:47,412 [Worker-12] INFO  o.e.m.c.i.e.AbstractTransferListenerAdapter - Downloading http://repo.maven.apache.org/maven2/org/apache/maven/plugins/maven-compiler-plugin/2.5.1/maven-compiler-plugin-2.5.1.pom
2017-12-07 20:07:47,455 [Worker-12] INFO  o.e.m.c.i.e.AbstractTransferListenerAdapter - Downloaded http://repo.maven.apache.org/maven2/org/apache/maven/plugins/maven-compiler-plugin/2.5.1/maven-compiler-plugin-2.5.1.pom
2017-12-07 20:07:47,951 [Worker-12] INFO  o.e.m.c.i.e.AbstractTransferListenerAdapter - Downloading http://repo.maven.apache.org/maven2/org/codehaus/plexus/plexus-compiler-api/1.9.1/plexus-compiler-api-1.9.1.pom
2017-12-07 20:07:47,989 [Worker-12] INFO  o.e.m.c.i.e.AbstractTransferListenerAdapter - Downloaded http://repo.maven.apache.org/maven2/org/codehaus/plexus/plexus-compiler-api/1.9.1/plexus-compiler-api-1.9.1.pom
2017-12-07 20:07:48,244 [Worker-12] INFO  o.e.m.c.i.e.AbstractTransferListenerAdapter - Downloading http://repo.maven.apache.org/maven2/org/codehaus/plexus/plexus-compiler/1.9.1/plexus-compiler-1.9.1.pom
2017-12-07 20:07:48,299 [Worker-12] INFO  o.e.m.c.i.e.AbstractTransferListenerAdapter - Downloaded http://repo.maven.apache.org/maven2/org/codehaus/plexus/plexus-compiler/1.9.1/plexus-compiler-1.9.1.pom
2017-12-07 20:07:48,357 [Worker-12] INFO  o.e.m.c.i.e.AbstractTransferListenerAdapter - Downloading http://repo.maven.apache.org/maven2/org/codehaus/plexus/plexus-components/1.1.20/plexus-components-1.1.20.pom
2017-12-07 20:07:48,637 [Worker-12] INFO  o.e.m.c.i.e.AbstractTransferListenerAdapter - Downloaded http://repo.maven.apache.org/maven2/org/codehaus/plexus/plexus-components/1.1.20/plexus-components-1.1.20.pom
2017-12-07 20:07:48,905 [Worker-12] INFO  o.e.m.c.i.e.AbstractTransferListenerAdapter - Downloading http://repo.maven.apache.org/maven2/org/codehaus/plexus/plexus/3.1/plexus-3.1.pom
2017-12-07 20:07:49,193 [Worker-12] INFO  o.e.m.c.i.e.AbstractTransferListenerAdapter - Downloaded http://repo.maven.apache.org/maven2/org/codehaus/plexus/plexus/3.1/plexus-3.1.pom
2017-12-07 20:07:49,518 [Worker-12] INFO  o.e.m.c.i.e.AbstractTransferListenerAdapter - Downloading http://repo.maven.apache.org/maven2/org/codehaus/plexus/plexus-compiler-manager/1.9.1/plexus-compiler-manager-1.9.1.pom
2017-12-07 20:07:49,598 [Worker-12] INFO  o.e.m.c.i.e.AbstractTransferListenerAdapter - Downloaded http://repo.maven.apache.org/maven2/org/codehaus/plexus/plexus-compiler-manager/1.9.1/plexus-compiler-manager-1.9.1.pom
2017-12-07 20:07:49,865 [Worker-12] INFO  o.e.m.c.i.e.AbstractTransferListenerAdapter - Downloading http://repo.maven.apache.org/maven2/org/codehaus/plexus/plexus-compiler-javac/1.9.1/plexus-compiler-javac-1.9.1.pom
2017-12-07 20:07:49,925 [Worker-12] INFO  o.e.m.c.i.e.AbstractTransferListenerAdapter - Downloaded http://repo.maven.apache.org/maven2/org/codehaus/plexus/plexus-compiler-javac/1.9.1/plexus-compiler-javac-1.9.1.pom
2017-12-07 20:07:49,967 [Worker-12] INFO  o.e.m.c.i.e.AbstractTransferListenerAdapter - Downloading http://repo.maven.apache.org/maven2/org/codehaus/plexus/plexus-compilers/1.9.1/plexus-compilers-1.9.1.pom
2017-12-07 20:07:50,005 [Worker-12] INFO  o.e.m.c.i.e.AbstractTransferListenerAdapter - Downloaded http://repo.maven.apache.org/maven2/org/codehaus/plexus/plexus-compilers/1.9.1/plexus-compilers-1.9.1.pom
2017-12-07 20:07:50,280 [Worker-12] INFO  o.e.m.c.i.e.AbstractTransferListenerAdapter - Downloading http://repo.maven.apache.org/maven2/org/codehaus/plexus/plexus-compiler-api/1.9.1/plexus-compiler-api-1.9.1.jar
2017-12-07 20:07:50,327 [Worker-12] INFO  o.e.m.c.i.e.AbstractTransferListenerAdapter - Downloaded http://repo.maven.apache.org/maven2/org/codehaus/plexus/plexus-compiler-api/1.9.1/plexus-compiler-api-1.9.1.jar
2017-12-07 20:07:50,581 [Worker-12] INFO  o.e.m.c.i.e.AbstractTransferListenerAdapter - Downloading http://repo.maven.apache.org/maven2/org/codehaus/plexus/plexus-compiler-manager/1.9.1/plexus-compiler-manager-1.9.1.jar
2017-12-07 20:07:50,636 [Worker-12] INFO  o.e.m.c.i.e.AbstractTransferListenerAdapter - Downloaded http://repo.maven.apache.org/maven2/org/codehaus/plexus/plexus-compiler-manager/1.9.1/plexus-compiler-manager-1.9.1.jar
2017-12-07 20:07:50,889 [Worker-12] INFO  o.e.m.c.i.e.AbstractTransferListenerAdapter - Downloading http://repo.maven.apache.org/maven2/org/codehaus/plexus/plexus-compiler-javac/1.9.1/plexus-compiler-javac-1.9.1.jar
2017-12-07 20:07:50,935 [Worker-12] INFO  o.e.m.c.i.e.AbstractTransferListenerAdapter - Downloaded http://repo.maven.apache.org/maven2/org/codehaus/plexus/plexus-compiler-javac/1.9.1/plexus-compiler-javac-1.9.1.jar
2017-12-07 20:07:51,137 [Worker-12] INFO  o.e.m.c.i.l.LifecycleMappingFactory - Using org.maven.ide.eclipse.wtp.WarLifecycleMapping lifecycle mapping for MavenProject: org.koushik.javabrains:messenger:0.0.1-SNAPSHOT @ C:\Users\ka264v\RestDemo\messenger\pom.xml.
2017-12-07 20:07:51,387 [Worker-12] INFO  o.e.m.c.i.e.AbstractTransferListenerAdapter - Downloading http://repo.maven.apache.org/maven2/org/glassfish/jersey/containers/jersey-container-servlet-core/2.16/jersey-container-servlet-core-2.16.pom
2017-12-07 20:07:51,890 [Worker-12] INFO  o.e.m.c.i.e.AbstractTransferListenerAdapter - Downloaded http://repo.maven.apache.org/maven2/org/glassfish/jersey/containers/jersey-container-servlet-core/2.16/jersey-container-servlet-core-2.16.pom
2017-12-07 20:07:52,140 [Worker-12] INFO  o.e.m.c.i.e.AbstractTransferListenerAdapter - Downloading http://repo.maven.apache.org/maven2/org/glassfish/jersey/containers/project/2.16/project-2.16.pom
2017-12-07 20:07:52,636 [Worker-12] INFO  o.e.m.c.i.e.AbstractTransferListenerAdapter - Downloaded http://repo.maven.apache.org/maven2/org/glassfish/jersey/containers/project/2.16/project-2.16.pom
2017-12-07 20:07:52,902 [Worker-12] INFO  o.e.m.c.i.e.AbstractTransferListenerAdapter - Downloading http://repo.maven.apache.org/maven2/org/glassfish/jersey/project/2.16/project-2.16.pom
2017-12-07 20:07:53,722 [Worker-12] INFO  o.e.m.c.i.e.AbstractTransferListenerAdapter - Downloaded http://repo.maven.apache.org/maven2/org/glassfish/jersey/project/2.16/project-2.16.pom
2017-12-07 20:07:54,005 [Worker-12] INFO  o.e.m.c.i.e.AbstractTransferListenerAdapter - Downloading http://repo.maven.apache.org/maven2/org/glassfish/hk2/hk2-bom/2.4.0-b09/hk2-bom-2.4.0-b09.pom
2017-12-07 20:07:54,528 [Worker-12] INFO  o.e.m.c.i.e.AbstractTransferListenerAdapter - Downloaded http://repo.maven.apache.org/maven2/org/glassfish/hk2/hk2-bom/2.4.0-b09/hk2-bom-2.4.0-b09.pom
2017-12-07 20:07:54,775 [Worker-12] INFO  o.e.m.c.i.e.AbstractTransferListenerAdapter - Downloading http://repo.maven.apache.org/maven2/net/java/jvnet-parent/5/jvnet-parent-5.pom
2017-12-07 20:07:55,255 [Worker-12] INFO  o.e.m.c.i.e.AbstractTransferListenerAdapter - Downloaded http://repo.maven.apache.org/maven2/net/java/jvnet-parent/5/jvnet-parent-5.pom
2017-12-07 20:07:55,504 [Worker-12] INFO  o.e.m.c.i.e.AbstractTransferListenerAdapter - Downloading http://repo.maven.apache.org/maven2/org/glassfish/hk2/external/javax.inject/2.4.0-b09/javax.inject-2.4.0-b09.pom
2017-12-07 20:07:55,996 [Worker-12] INFO  o.e.m.c.i.e.AbstractTransferListenerAdapter - Downloaded http://repo.maven.apache.org/maven2/org/glassfish/hk2/external/javax.inject/2.4.0-b09/javax.inject-2.4.0-b09.pom
2017-12-07 20:07:56,255 [Worker-12] INFO  o.e.m.c.i.e.AbstractTransferListenerAdapter - Downloading http://repo.maven.apache.org/maven2/org/glassfish/hk2/external/2.4.0-b09/external-2.4.0-b09.pom
2017-12-07 20:07:56,751 [Worker-12] INFO  o.e.m.c.i.e.AbstractTransferListenerAdapter - Downloaded http://repo.maven.apache.org/maven2/org/glassfish/hk2/external/2.4.0-b09/external-2.4.0-b09.pom
2017-12-07 20:07:57,011 [Worker-12] INFO  o.e.m.c.i.e.AbstractTransferListenerAdapter - Downloading http://repo.maven.apache.org/maven2/org/glassfish/hk2/hk2-parent/2.4.0-b09/hk2-parent-2.4.0-b09.pom
2017-12-07 20:07:57,541 [Worker-12] INFO  o.e.m.c.i.e.AbstractTransferListenerAdapter - Downloaded http://repo.maven.apache.org/maven2/org/glassfish/hk2/hk2-parent/2.4.0-b09/hk2-parent-2.4.0-b09.pom
2017-12-07 20:07:57,803 [Worker-12] INFO  o.e.m.c.i.e.AbstractTransferListenerAdapter - Downloading http://repo.maven.apache.org/maven2/org/glassfish/jersey/core/jersey-common/2.16/jersey-common-2.16.pom
2017-12-07 20:07:58,263 [Worker-12] INFO  o.e.m.c.i.e.AbstractTransferListenerAdapter - Downloaded http://repo.maven.apache.org/maven2/org/glassfish/jersey/core/jersey-common/2.16/jersey-common-2.16.pom
2017-12-07 20:07:58,306 [Worker-12] INFO  o.e.m.c.i.e.AbstractTransferListenerAdapter - Downloading http://repo.maven.apache.org/maven2/javax/ws/rs/javax.ws.rs-api/2.0.1/javax.ws.rs-api-2.0.1.pom
2017-12-07 20:07:58,561 [Worker-12] INFO  o.e.m.c.i.e.AbstractTransferListenerAdapter - Downloaded http://repo.maven.apache.org/maven2/javax/ws/rs/javax.ws.rs-api/2.0.1/javax.ws.rs-api-2.0.1.pom
2017-12-07 20:07:58,593 [Worker-12] INFO  o.e.m.c.i.e.AbstractTransferListenerAdapter - Downloading http://repo.maven.apache.org/maven2/javax/annotation/javax.annotation-api/1.2/javax.annotation-api-1.2.pom
2017-12-07 20:07:58,643 [Worker-12] INFO  o.e.m.c.i.e.AbstractTransferListenerAdapter - Downloaded http://repo.maven.apache.org/maven2/javax/annotation/javax.annotation-api/1.2/javax.annotation-api-1.2.pom
2017-12-07 20:07:58,888 [Worker-12] INFO  o.e.m.c.i.e.AbstractTransferListenerAdapter - Downloading http://repo.maven.apache.org/maven2/org/glassfish/jersey/bundles/repackaged/jersey-guava/2.16/jersey-guava-2.16.pom
2017-12-07 20:07:59,387 [Worker-12] INFO  o.e.m.c.i.e.AbstractTransferListenerAdapter - Downloaded http://repo.maven.apache.org/maven2/org/glassfish/jersey/bundles/repackaged/jersey-guava/2.16/jersey-guava-2.16.pom
2017-12-07 20:07:59,642 [Worker-12] INFO  o.e.m.c.i.e.AbstractTransferListenerAdapter - Downloading http://repo.maven.apache.org/maven2/org/glassfish/jersey/bundles/repackaged/project/2.16/project-2.16.pom
2017-12-07 20:08:00,125 [Worker-12] INFO  o.e.m.c.i.e.AbstractTransferListenerAdapter - Downloaded http://repo.maven.apache.org/maven2/org/glassfish/jersey/bundles/repackaged/project/2.16/project-2.16.pom
2017-12-07 20:08:00,369 [Worker-12] INFO  o.e.m.c.i.e.AbstractTransferListenerAdapter - Downloading http://repo.maven.apache.org/maven2/org/glassfish/jersey/bundles/project/2.16/project-2.16.pom
2017-12-07 20:08:00,845 [Worker-12] INFO  o.e.m.c.i.e.AbstractTransferListenerAdapter - Downloaded http://repo.maven.apache.org/maven2/org/glassfish/jersey/bundles/project/2.16/project-2.16.pom
2017-12-07 20:08:01,107 [Worker-12] INFO  o.e.m.c.i.e.AbstractTransferListenerAdapter - Downloading http://repo.maven.apache.org/maven2/org/glassfish/hk2/hk2-api/2.4.0-b09/hk2-api-2.4.0-b09.pom
2017-12-07 20:08:01,596 [Worker-12] INFO  o.e.m.c.i.e.AbstractTransferListenerAdapter - Downloaded http://repo.maven.apache.org/maven2/org/glassfish/hk2/hk2-api/2.4.0-b09/hk2-api-2.4.0-b09.pom
2017-12-07 20:08:01,862 [Worker-12] INFO  o.e.m.c.i.e.AbstractTransferListenerAdapter - Downloading http://repo.maven.apache.org/maven2/org/glassfish/hk2/hk2-utils/2.4.0-b09/hk2-utils-2.4.0-b09.pom
2017-12-07 20:08:02,351 [Worker-12] INFO  o.e.m.c.i.e.AbstractTransferListenerAdapter - Downloaded http://repo.maven.apache.org/maven2/org/glassfish/hk2/hk2-utils/2.4.0-b09/hk2-utils-2.4.0-b09.pom
2017-12-07 20:08:02,604 [Worker-12] INFO  o.e.m.c.i.e.AbstractTransferListenerAdapter - Downloading http://repo.maven.apache.org/maven2/org/glassfish/hk2/external/aopalliance-repackaged/2.4.0-b09/aopalliance-repackaged-2.4.0-b09.pom
2017-12-07 20:08:03,103 [Worker-12] INFO  o.e.m.c.i.e.AbstractTransferListenerAdapter - Downloaded http://repo.maven.apache.org/maven2/org/glassfish/hk2/external/aopalliance-repackaged/2.4.0-b09/aopalliance-repackaged-2.4.0-b09.pom
2017-12-07 20:08:03,373 [Worker-12] INFO  o.e.m.c.i.e.AbstractTransferListenerAdapter - Downloading http://repo.maven.apache.org/maven2/org/glassfish/hk2/hk2-locator/2.4.0-b09/hk2-locator-2.4.0-b09.pom
2017-12-07 20:08:03,869 [Worker-12] INFO  o.e.m.c.i.e.AbstractTransferListenerAdapter - Downloaded http://repo.maven.apache.org/maven2/org/glassfish/hk2/hk2-locator/2.4.0-b09/hk2-locator-2.4.0-b09.pom
2017-12-07 20:08:03,904 [Worker-12] INFO  o.e.m.c.i.e.AbstractTransferListenerAdapter - Downloading http://repo.maven.apache.org/maven2/javax/inject/javax.inject/1/javax.inject-1.pom
2017-12-07 20:08:03,945 [Worker-12] INFO  o.e.m.c.i.e.AbstractTransferListenerAdapter - Downloaded http://repo.maven.apache.org/maven2/javax/inject/javax.inject/1/javax.inject-1.pom
2017-12-07 20:08:03,984 [Worker-12] INFO  o.e.m.c.i.e.AbstractTransferListenerAdapter - Downloading http://repo.maven.apache.org/maven2/org/javassist/javassist/3.18.1-GA/javassist-3.18.1-GA.pom
2017-12-07 20:08:04,250 [Worker-12] INFO  o.e.m.c.i.e.AbstractTransferListenerAdapter - Downloaded http://repo.maven.apache.org/maven2/org/javassist/javassist/3.18.1-GA/javassist-3.18.1-GA.pom
2017-12-07 20:08:04,287 [Worker-12] INFO  o.e.m.c.i.e.AbstractTransferListenerAdapter - Downloading http://repo.maven.apache.org/maven2/org/glassfish/hk2/osgi-resource-locator/1.0.1/osgi-resource-locator-1.0.1.pom
2017-12-07 20:08:04,557 [Worker-12] INFO  o.e.m.c.i.e.AbstractTransferListenerAdapter - Downloaded http://repo.maven.apache.org/maven2/org/glassfish/hk2/osgi-resource-locator/1.0.1/osgi-resource-locator-1.0.1.pom
2017-12-07 20:08:04,612 [Worker-12] INFO  o.e.m.c.i.e.AbstractTransferListenerAdapter - Downloading http://repo.maven.apache.org/maven2/org/glassfish/pom/8/pom-8.pom
2017-12-07 20:08:04,662 [Worker-12] INFO  o.e.m.c.i.e.AbstractTransferListenerAdapter - Downloaded http://repo.maven.apache.org/maven2/org/glassfish/pom/8/pom-8.pom
2017-12-07 20:08:04,924 [Worker-12] INFO  o.e.m.c.i.e.AbstractTransferListenerAdapter - Downloading http://repo.maven.apache.org/maven2/org/glassfish/jersey/core/jersey-server/2.16/jersey-server-2.16.pom
2017-12-07 20:08:05,448 [Worker-12] INFO  o.e.m.c.i.e.AbstractTransferListenerAdapter - Downloaded http://repo.maven.apache.org/maven2/org/glassfish/jersey/core/jersey-server/2.16/jersey-server-2.16.pom
2017-12-07 20:08:05,716 [Worker-12] INFO  o.e.m.c.i.e.AbstractTransferListenerAdapter - Downloading http://repo.maven.apache.org/maven2/org/glassfish/jersey/core/jersey-client/2.16/jersey-client-2.16.pom
2017-12-07 20:08:06,213 [Worker-12] INFO  o.e.m.c.i.e.AbstractTransferListenerAdapter - Downloaded http://repo.maven.apache.org/maven2/org/glassfish/jersey/core/jersey-client/2.16/jersey-client-2.16.pom
2017-12-07 20:08:06,473 [Worker-12] INFO  o.e.m.c.i.e.AbstractTransferListenerAdapter - Downloading http://repo.maven.apache.org/maven2/org/glassfish/jersey/media/jersey-media-jaxb/2.16/jersey-media-jaxb-2.16.pom
2017-12-07 20:08:06,973 [Worker-12] INFO  o.e.m.c.i.e.AbstractTransferListenerAdapter - Downloaded http://repo.maven.apache.org/maven2/org/glassfish/jersey/media/jersey-media-jaxb/2.16/jersey-media-jaxb-2.16.pom
2017-12-07 20:08:07,233 [Worker-12] INFO  o.e.m.c.i.e.AbstractTransferListenerAdapter - Downloading http://repo.maven.apache.org/maven2/org/glassfish/jersey/media/project/2.16/project-2.16.pom
2017-12-07 20:08:07,742 [Worker-12] INFO  o.e.m.c.i.e.AbstractTransferListenerAdapter - Downloaded http://repo.maven.apache.org/maven2/org/glassfish/jersey/media/project/2.16/project-2.16.pom
2017-12-07 20:08:08,051 [Worker-12] INFO  o.e.m.c.i.e.AbstractTransferListenerAdapter - Downloading http://repo.maven.apache.org/maven2/org/glassfish/jersey/containers/jersey-container-servlet-core/2.16/jersey-container-servlet-core-2.16.jar
2017-12-07 20:08:08,671 [Worker-12] INFO  o.e.m.c.i.e.AbstractTransferListenerAdapter - Downloaded http://repo.maven.apache.org/maven2/org/glassfish/jersey/containers/jersey-container-servlet-core/2.16/jersey-container-servlet-core-2.16.jar
2017-12-07 20:08:08,920 [Worker-12] INFO  o.e.m.c.i.e.AbstractTransferListenerAdapter - Downloading http://repo.maven.apache.org/maven2/org/glassfish/hk2/external/javax.inject/2.4.0-b09/javax.inject-2.4.0-b09.jar
2017-12-07 20:08:09,408 [Worker-12] INFO  o.e.m.c.i.e.AbstractTransferListenerAdapter - Downloaded http://repo.maven.apache.org/maven2/org/glassfish/hk2/external/javax.inject/2.4.0-b09/javax.inject-2.4.0-b09.jar
2017-12-07 20:08:09,642 [Worker-12] INFO  o.e.m.c.i.e.AbstractTransferListenerAdapter - Downloading http://repo.maven.apache.org/maven2/org/glassfish/jersey/core/jersey-common/2.16/jersey-common-2.16.jar
2017-12-07 20:08:11,579 [Worker-12] INFO  o.e.m.c.i.e.AbstractTransferListenerAdapter - Downloaded http://repo.maven.apache.org/maven2/org/glassfish/jersey/core/jersey-common/2.16/jersey-common-2.16.jar
2017-12-07 20:08:11,612 [Worker-12] INFO  o.e.m.c.i.e.AbstractTransferListenerAdapter - Downloading http://repo.maven.apache.org/maven2/javax/annotation/javax.annotation-api/1.2/javax.annotation-api-1.2.jar
2017-12-07 20:08:11,890 [Worker-12] INFO  o.e.m.c.i.e.AbstractTransferListenerAdapter - Downloaded http://repo.maven.apache.org/maven2/javax/annotation/javax.annotation-api/1.2/javax.annotation-api-1.2.jar
2017-12-07 20:08:12,137 [Worker-12] INFO  o.e.m.c.i.e.AbstractTransferListenerAdapter - Downloading http://repo.maven.apache.org/maven2/org/glassfish/jersey/bundles/repackaged/jersey-guava/2.16/jersey-guava-2.16.jar
2017-12-07 20:08:14,505 [Worker-12] INFO  o.e.m.c.i.e.AbstractTransferListenerAdapter - Downloaded http://repo.maven.apache.org/maven2/org/glassfish/jersey/bundles/repackaged/jersey-guava/2.16/jersey-guava-2.16.jar
2017-12-07 20:08:14,747 [Worker-12] INFO  o.e.m.c.i.e.AbstractTransferListenerAdapter - Downloading http://repo.maven.apache.org/maven2/org/glassfish/hk2/hk2-api/2.4.0-b09/hk2-api-2.4.0-b09.jar
2017-12-07 20:08:15,571 [Worker-12] INFO  o.e.m.c.i.e.AbstractTransferListenerAdapter - Downloaded http://repo.maven.apache.org/maven2/org/glassfish/hk2/hk2-api/2.4.0-b09/hk2-api-2.4.0-b09.jar
2017-12-07 20:08:15,863 [Worker-12] INFO  o.e.m.c.i.e.AbstractTransferListenerAdapter - Downloading http://repo.maven.apache.org/maven2/org/glassfish/hk2/hk2-utils/2.4.0-b09/hk2-utils-2.4.0-b09.jar
2017-12-07 20:08:16,482 [Worker-12] INFO  o.e.m.c.i.e.AbstractTransferListenerAdapter - Downloaded http://repo.maven.apache.org/maven2/org/glassfish/hk2/hk2-utils/2.4.0-b09/hk2-utils-2.4.0-b09.jar
2017-12-07 20:08:16,724 [Worker-12] INFO  o.e.m.c.i.e.AbstractTransferListenerAdapter - Downloading http://repo.maven.apache.org/maven2/org/glassfish/hk2/external/aopalliance-repackaged/2.4.0-b09/aopalliance-repackaged-2.4.0-b09.jar
2017-12-07 20:08:17,237 [Worker-12] INFO  o.e.m.c.i.e.AbstractTransferListenerAdapter - Downloaded http://repo.maven.apache.org/maven2/org/glassfish/hk2/external/aopalliance-repackaged/2.4.0-b09/aopalliance-repackaged-2.4.0-b09.jar
2017-12-07 20:08:17,478 [Worker-12] INFO  o.e.m.c.i.e.AbstractTransferListenerAdapter - Downloading http://repo.maven.apache.org/maven2/org/glassfish/hk2/hk2-locator/2.4.0-b09/hk2-locator-2.4.0-b09.jar
2017-12-07 20:08:18,209 [Worker-12] INFO  o.e.m.c.i.e.AbstractTransferListenerAdapter - Downloaded http://repo.maven.apache.org/maven2/org/glassfish/hk2/hk2-locator/2.4.0-b09/hk2-locator-2.4.0-b09.jar
2017-12-07 20:08:18,429 [Worker-12] INFO  o.e.m.c.i.e.AbstractTransferListenerAdapter - Downloading http://repo.maven.apache.org/maven2/org/javassist/javassist/3.18.1-GA/javassist-3.18.1-GA.jar
2017-12-07 20:08:19,999 [Worker-12] INFO  o.e.m.c.i.e.AbstractTransferListenerAdapter - Downloaded http://repo.maven.apache.org/maven2/org/javassist/javassist/3.18.1-GA/javassist-3.18.1-GA.jar
2017-12-07 20:08:20,034 [Worker-12] INFO  o.e.m.c.i.e.AbstractTransferListenerAdapter - Downloading http://repo.maven.apache.org/maven2/org/glassfish/hk2/osgi-resource-locator/1.0.1/osgi-resource-locator-1.0.1.jar
2017-12-07 20:08:20,081 [Worker-12] INFO  o.e.m.c.i.e.AbstractTransferListenerAdapter - Downloaded http://repo.maven.apache.org/maven2/org/glassfish/hk2/osgi-resource-locator/1.0.1/osgi-resource-locator-1.0.1.jar
2017-12-07 20:08:20,302 [Worker-12] INFO  o.e.m.c.i.e.AbstractTransferListenerAdapter - Downloading http://repo.maven.apache.org/maven2/org/glassfish/jersey/core/jersey-server/2.16/jersey-server-2.16.jar
2017-12-07 20:08:22,168 [Worker-12] INFO  o.e.m.c.i.e.AbstractTransferListenerAdapter - Downloaded http://repo.maven.apache.org/maven2/org/glassfish/jersey/core/jersey-server/2.16/jersey-server-2.16.jar
2017-12-07 20:08:22,391 [Worker-12] INFO  o.e.m.c.i.e.AbstractTransferListenerAdapter - Downloading http://repo.maven.apache.org/maven2/org/glassfish/jersey/core/jersey-client/2.16/jersey-client-2.16.jar
2017-12-07 20:08:23,083 [Worker-12] INFO  o.e.m.c.i.e.AbstractTransferListenerAdapter - Downloaded http://repo.maven.apache.org/maven2/org/glassfish/jersey/core/jersey-client/2.16/jersey-client-2.16.jar
2017-12-07 20:08:23,315 [Worker-12] INFO  o.e.m.c.i.e.AbstractTransferListenerAdapter - Downloading http://repo.maven.apache.org/maven2/org/glassfish/jersey/media/jersey-media-jaxb/2.16/jersey-media-jaxb-2.16.jar
2017-12-07 20:08:23,898 [Worker-12] INFO  o.e.m.c.i.e.AbstractTransferListenerAdapter - Downloaded http://repo.maven.apache.org/maven2/org/glassfish/jersey/media/jersey-media-jaxb/2.16/jersey-media-jaxb-2.16.jar
2017-12-07 20:08:23,933 [Worker-12] INFO  o.e.m.c.i.e.AbstractTransferListenerAdapter - Downloading http://repo.maven.apache.org/maven2/javax/ws/rs/javax.ws.rs-api/2.0.1/javax.ws.rs-api-2.0.1.jar
2017-12-07 20:08:24,013 [Worker-12] INFO  o.e.m.c.i.e.AbstractTransferListenerAdapter - Downloaded http://repo.maven.apache.org/maven2/javax/ws/rs/javax.ws.rs-api/2.0.1/javax.ws.rs-api-2.0.1.jar
2017-12-07 20:08:24,971 [Worker-12] INFO  o.e.m.c.i.e.AbstractTransferListenerAdapter - Downloading http://repo.maven.apache.org/maven2/org/apache/maven/plugins/maven-war-plugin/2.2/maven-war-plugin-2.2.pom
2017-12-07 20:08:25,034 [Worker-12] INFO  o.e.m.c.i.e.AbstractTransferListenerAdapter - Downloaded http://repo.maven.apache.org/maven2/org/apache/maven/plugins/maven-war-plugin/2.2/maven-war-plugin-2.2.pom
2017-12-07 20:08:25,330 [Worker-12] INFO  o.e.m.c.i.e.AbstractTransferListenerAdapter - Downloading http://repo.maven.apache.org/maven2/com/thoughtworks/xstream/xstream/1.3.1/xstream-1.3.1.pom
2017-12-07 20:08:25,401 [Worker-12] INFO  o.e.m.c.i.e.AbstractTransferListenerAdapter - Downloaded http://repo.maven.apache.org/maven2/com/thoughtworks/xstream/xstream/1.3.1/xstream-1.3.1.pom
2017-12-07 20:08:25,430 [Worker-12] INFO  o.e.m.c.i.e.AbstractTransferListenerAdapter - Downloading http://repo.maven.apache.org/maven2/com/thoughtworks/xstream/xstream-parent/1.3.1/xstream-parent-1.3.1.pom
2017-12-07 20:08:25,483 [Worker-12] INFO  o.e.m.c.i.e.AbstractTransferListenerAdapter - Downloaded http://repo.maven.apache.org/maven2/com/thoughtworks/xstream/xstream-parent/1.3.1/xstream-parent-1.3.1.pom
2017-12-07 20:08:25,511 [Worker-12] INFO  o.e.m.c.i.e.AbstractTransferListenerAdapter - Downloading http://repo.maven.apache.org/maven2/xpp3/xpp3_min/1.1.4c/xpp3_min-1.1.4c.pom
2017-12-07 20:08:25,546 [Worker-12] INFO  o.e.m.c.i.e.AbstractTransferListenerAdapter - Downloaded http://repo.maven.apache.org/maven2/xpp3/xpp3_min/1.1.4c/xpp3_min-1.1.4c.pom
2017-12-07 20:08:25,572 [Worker-12] INFO  o.e.m.c.i.e.AbstractTransferListenerAdapter - Downloading http://repo.maven.apache.org/maven2/org/apache/maven/shared/maven-filtering/1.0-beta-2/maven-filtering-1.0-beta-2.pom
2017-12-07 20:08:25,632 [Worker-12] INFO  o.e.m.c.i.e.AbstractTransferListenerAdapter - Downloaded http://repo.maven.apache.org/maven2/org/apache/maven/shared/maven-filtering/1.0-beta-2/maven-filtering-1.0-beta-2.pom
2017-12-07 20:08:25,659 [Worker-12] INFO  o.e.m.c.i.e.AbstractTransferListenerAdapter - Downloading http://repo.maven.apache.org/maven2/org/apache/maven/shared/maven-shared-components/10/maven-shared-components-10.pom
2017-12-07 20:08:25,714 [Worker-12] INFO  o.e.m.c.i.e.AbstractTransferListenerAdapter - Downloaded http://repo.maven.apache.org/maven2/org/apache/maven/shared/maven-shared-components/10/maven-shared-components-10.pom
2017-12-07 20:08:25,740 [Worker-12] INFO  o.e.m.c.i.e.AbstractTransferListenerAdapter - Downloading http://repo.maven.apache.org/maven2/org/apache/maven/maven-parent/9/maven-parent-9.pom
2017-12-07 20:08:25,827 [Worker-12] INFO  o.e.m.c.i.e.AbstractTransferListenerAdapter - Downloaded http://repo.maven.apache.org/maven2/org/apache/maven/maven-parent/9/maven-parent-9.pom
2017-12-07 20:08:25,861 [Worker-12] INFO  o.e.m.c.i.e.AbstractTransferListenerAdapter - Downloading http://repo.maven.apache.org/maven2/org/codehaus/plexus/plexus-utils/1.5.6/plexus-utils-1.5.6.pom
2017-12-07 20:08:25,897 [Worker-12] INFO  o.e.m.c.i.e.AbstractTransferListenerAdapter - Downloaded http://repo.maven.apache.org/maven2/org/codehaus/plexus/plexus-utils/1.5.6/plexus-utils-1.5.6.pom
2017-12-07 20:08:25,922 [Worker-12] INFO  o.e.m.c.i.e.AbstractTransferListenerAdapter - Downloading http://repo.maven.apache.org/maven2/org/codehaus/plexus/plexus/1.0.12/plexus-1.0.12.pom
2017-12-07 20:08:26,220 [Worker-12] INFO  o.e.m.c.i.e.AbstractTransferListenerAdapter - Downloaded http://repo.maven.apache.org/maven2/org/codehaus/plexus/plexus/1.0.12/plexus-1.0.12.pom
2017-12-07 20:08:26,249 [Worker-12] INFO  o.e.m.c.i.e.AbstractTransferListenerAdapter - Downloading http://repo.maven.apache.org/maven2/org/codehaus/plexus/plexus-interpolation/1.6/plexus-interpolation-1.6.pom
2017-12-07 20:08:26,514 [Worker-12] INFO  o.e.m.c.i.e.AbstractTransferListenerAdapter - Downloaded http://repo.maven.apache.org/maven2/org/codehaus/plexus/plexus-interpolation/1.6/plexus-interpolation-1.6.pom
2017-12-07 20:08:26,560 [Worker-12] INFO  o.e.m.c.i.e.AbstractTransferListenerAdapter - Downloading http://repo.maven.apache.org/maven2/com/thoughtworks/xstream/xstream/1.3.1/xstream-1.3.1.jar
2017-12-07 20:08:26,731 [Worker-12] INFO  o.e.m.c.i.e.AbstractTransferListenerAdapter - Downloaded http://repo.maven.apache.org/maven2/com/thoughtworks/xstream/xstream/1.3.1/xstream-1.3.1.jar
2017-12-07 20:08:26,756 [Worker-12] INFO  o.e.m.c.i.e.AbstractTransferListenerAdapter - Downloading http://repo.maven.apache.org/maven2/xpp3/xpp3_min/1.1.4c/xpp3_min-1.1.4c.jar
2017-12-07 20:08:26,785 [Worker-12] INFO  o.e.m.c.i.e.AbstractTransferListenerAdapter - Downloaded http://repo.maven.apache.org/maven2/xpp3/xpp3_min/1.1.4c/xpp3_min-1.1.4c.jar
2017-12-07 20:08:26,806 [Worker-12] INFO  o.e.m.c.i.e.AbstractTransferListenerAdapter - Downloading http://repo.maven.apache.org/maven2/org/apache/maven/shared/maven-filtering/1.0-beta-2/maven-filtering-1.0-beta-2.jar
2017-12-07 20:08:26,854 [Worker-12] INFO  o.e.m.c.i.e.AbstractTransferListenerAdapter - Downloaded http://repo.maven.apache.org/maven2/org/apache/maven/shared/maven-filtering/1.0-beta-2/maven-filtering-1.0-beta-2.jar
2017-12-07 20:08:27,568 [Worker-12] INFO  o.e.m.j.i.AbstractJavaProjectConfigurator - Adding source folder /messenger/src/main/java
2017-12-07 20:08:27,568 [Worker-12] INFO  o.e.m.j.i.AbstractJavaProjectConfigurator - Adding resource folder /messenger/src/main/resources
2017-12-07 20:08:27,574 [Worker-12] INFO  o.e.m.j.i.AbstractJavaProjectConfigurator - Adding source folder /messenger/src/test/java
2017-12-07 20:08:28,073 [Worker-7] INFO  o.e.m.c.i.l.LifecycleMappingFactory - Using org.maven.ide.eclipse.wtp.WarLifecycleMapping lifecycle mapping for MavenProject: org.koushik.javabrains:messenger:0.0.1-SNAPSHOT @ C:\Users\ka264v\RestDemo\messenger\pom.xml.
2017-12-07 20:08:30,325 [Worker-12] INFO  o.e.m.c.i.p.ProjectConfigurationManager - Imported and configured 1 project(s) in 45 sec
2017-12-07 20:08:32,962 [Worker-18] INFO  o.e.m.c.i.l.LifecycleMappingFactory - Using org.maven.ide.eclipse.wtp.WarLifecycleMapping lifecycle mapping for MavenProject: org.koushik.javabrains:messenger:0.0.1-SNAPSHOT @ C:\Users\ka264v\RestDemo\messenger\pom.xml.
2017-12-07 20:08:33,675 [Worker-18] INFO  o.e.m.c.i.embedder.EclipseLogger - Using 'UTF-8' encoding to copy filtered resources.
2017-12-07 20:08:33,682 [Worker-18] INFO  o.e.m.c.i.embedder.EclipseLogger - Copying 0 resource
2017-12-07 20:08:33,685 [Worker-18] INFO  o.e.m.c.i.embedder.EclipseLogger - Using 'UTF-8' encoding to copy filtered resources.
2017-12-07 20:08:33,686 [Worker-18] INFO  o.e.m.c.i.embedder.EclipseLogger - skip non existing resourceDirectory C:\Users\ka264v\RestDemo\messenger\src\test\resources
2017-12-07 20:09:52,328 [Worker-7] INFO  o.e.m.c.i.embedder.EclipseLogger - Using 'UTF-8' encoding to copy filtered resources.
2017-12-07 20:09:52,390 [Worker-7] INFO  o.e.m.c.i.embedder.EclipseLogger - Copying 0 resource
2017-12-07 20:09:52,394 [Worker-7] INFO  o.e.m.c.i.embedder.EclipseLogger - Using 'UTF-8' encoding to copy filtered resources.
2017-12-07 20:09:52,394 [Worker-7] INFO  o.e.m.c.i.embedder.EclipseLogger - skip non existing resourceDirectory C:\Users\ka264v\RestDemo\messenger\src\test\resources
2017-12-10 08:25:52,336 [Worker-4] INFO  o.e.m.c.i.embedder.EclipseLogger - Using 'UTF-8' encoding to copy filtered resources.
2017-12-10 08:25:52,346 [Worker-4] INFO  o.e.m.c.i.embedder.EclipseLogger - Copying 0 resource
2017-12-10 08:25:52,349 [Worker-4] INFO  o.e.m.c.i.embedder.EclipseLogger - Using 'UTF-8' encoding to copy filtered resources.
2017-12-10 08:25:52,349 [Worker-4] INFO  o.e.m.c.i.embedder.EclipseLogger - skip non existing resourceDirectory C:\Users\ka264v\RestDemo\messenger\src\test\resources
2017-12-10 08:48:34,454 [Worker-18] INFO  o.e.m.c.i.embedder.EclipseLogger - Using 'UTF-8' encoding to copy filtered resources.
2017-12-10 08:48:34,481 [Worker-18] INFO  o.e.m.c.i.embedder.EclipseLogger - Copying 0 resource
2017-12-10 08:48:34,483 [Worker-18] INFO  o.e.m.c.i.embedder.EclipseLogger - Using 'UTF-8' encoding to copy filtered resources.
2017-12-10 08:48:34,483 [Worker-18] INFO  o.e.m.c.i.embedder.EclipseLogger - skip non existing resourceDirectory C:\Users\ka264v\RestDemo\messenger\src\test\resources
2017-12-10 08:49:36,814 [Worker-17] INFO  o.e.m.c.i.embedder.EclipseLogger - Using 'UTF-8' encoding to copy filtered resources.
2017-12-10 08:49:36,815 [Worker-17] INFO  o.e.m.c.i.embedder.EclipseLogger - Copying 0 resource
2017-12-10 08:49:36,817 [Worker-17] INFO  o.e.m.c.i.embedder.EclipseLogger - Using 'UTF-8' encoding to copy filtered resources.
2017-12-10 08:49:36,817 [Worker-17] INFO  o.e.m.c.i.embedder.EclipseLogger - skip non existing resourceDirectory C:\Users\ka264v\RestDemo\messenger\src\test\resources
2017-12-10 08:50:25,827 [Worker-17] INFO  o.e.m.c.i.l.LifecycleMappingFactory - Using org.maven.ide.eclipse.wtp.WarLifecycleMapping lifecycle mapping for MavenProject: org.koushik.javabrains:messenger:0.0.1-SNAPSHOT @ C:\Users\ka264v\RestDemo\messenger\pom.xml.
2017-12-10 08:50:28,554 [Worker-17] INFO  o.e.m.c.i.embedder.EclipseLogger - Using 'UTF-8' encoding to copy filtered resources.
2017-12-10 08:50:28,560 [Worker-17] INFO  o.e.m.c.i.embedder.EclipseLogger - Copying 0 resource
2017-12-10 08:50:28,562 [Worker-17] INFO  o.e.m.c.i.embedder.EclipseLogger - Using 'UTF-8' encoding to copy filtered resources.
2017-12-10 08:50:28,562 [Worker-17] INFO  o.e.m.c.i.embedder.EclipseLogger - skip non existing resourceDirectory C:\Users\ka264v\RestDemo\messenger\src\test\resources
2017-12-10 23:14:24,941 [Worker-196] INFO  o.e.m.c.i.embedder.EclipseLogger - Using 'UTF-8' encoding to copy filtered resources.
2017-12-10 23:14:24,943 [Worker-196] INFO  o.e.m.c.i.embedder.EclipseLogger - Copying 0 resource
2017-12-10 23:14:24,945 [Worker-196] INFO  o.e.m.c.i.embedder.EclipseLogger - Using 'UTF-8' encoding to copy filtered resources.
2017-12-10 23:14:24,945 [Worker-196] INFO  o.e.m.c.i.embedder.EclipseLogger - skip non existing resourceDirectory C:\Users\ka264v\RestDemo\messenger\src\test\resources
2017-12-10 23:15:09,778 [Worker-196] INFO  o.e.m.c.i.embedder.EclipseLogger - Using 'UTF-8' encoding to copy filtered resources.
2017-12-10 23:15:09,779 [Worker-196] INFO  o.e.m.c.i.embedder.EclipseLogger - Copying 0 resource
2017-12-10 23:15:09,780 [Worker-196] INFO  o.e.m.c.i.embedder.EclipseLogger - Using 'UTF-8' encoding to copy filtered resources.
2017-12-10 23:15:09,780 [Worker-196] INFO  o.e.m.c.i.embedder.EclipseLogger - skip non existing resourceDirectory C:\Users\ka264v\RestDemo\messenger\src\test\resources
2017-12-10 23:24:49,114 [Worker-198] INFO  o.e.m.c.i.embedder.EclipseLogger - Using 'UTF-8' encoding to copy filtered resources.
2017-12-10 23:24:49,115 [Worker-198] INFO  o.e.m.c.i.embedder.EclipseLogger - Copying 0 resource
2017-12-10 23:24:49,117 [Worker-198] INFO  o.e.m.c.i.embedder.EclipseLogger - Using 'UTF-8' encoding to copy filtered resources.
2017-12-10 23:24:49,117 [Worker-198] INFO  o.e.m.c.i.embedder.EclipseLogger - skip non existing resourceDirectory C:\Users\ka264v\RestDemo\messenger\src\test\resources
2017-12-10 23:27:17,049 [Worker-198] INFO  o.e.m.c.i.embedder.EclipseLogger - Using 'UTF-8' encoding to copy filtered resources.
2017-12-10 23:27:17,050 [Worker-198] INFO  o.e.m.c.i.embedder.EclipseLogger - Copying 0 resource
2017-12-10 23:27:17,052 [Worker-198] INFO  o.e.m.c.i.embedder.EclipseLogger - Using 'UTF-8' encoding to copy filtered resources.
2017-12-10 23:27:17,052 [Worker-198] INFO  o.e.m.c.i.embedder.EclipseLogger - skip non existing resourceDirectory C:\Users\ka264v\RestDemo\messenger\src\test\resources
2017-12-10 23:52:39,102 [Worker-213] INFO  o.e.m.c.i.embedder.EclipseLogger - Using 'UTF-8' encoding to copy filtered resources.
2017-12-10 23:52:39,103 [Worker-213] INFO  o.e.m.c.i.embedder.EclipseLogger - Copying 0 resource
2017-12-10 23:52:39,108 [Worker-213] INFO  o.e.m.c.i.embedder.EclipseLogger - Using 'UTF-8' encoding to copy filtered resources.
2017-12-10 23:52:39,109 [Worker-213] INFO  o.e.m.c.i.embedder.EclipseLogger - skip non existing resourceDirectory C:\Users\ka264v\RestDemo\messenger\src\test\resources
2017-12-10 23:53:06,682 [Worker-213] INFO  o.e.m.c.i.embedder.EclipseLogger - Using 'UTF-8' encoding to copy filtered resources.
2017-12-10 23:53:06,683 [Worker-213] INFO  o.e.m.c.i.embedder.EclipseLogger - Copying 0 resource
2017-12-10 23:53:06,684 [Worker-213] INFO  o.e.m.c.i.embedder.EclipseLogger - Using 'UTF-8' encoding to copy filtered resources.
2017-12-10 23:53:06,684 [Worker-213] INFO  o.e.m.c.i.embedder.EclipseLogger - skip non existing resourceDirectory C:\Users\ka264v\RestDemo\messenger\src\test\resources
2017-12-10 23:54:37,131 [Worker-213] INFO  o.e.m.c.i.embedder.EclipseLogger - Using 'UTF-8' encoding to copy filtered resources.
2017-12-10 23:54:37,132 [Worker-213] INFO  o.e.m.c.i.embedder.EclipseLogger - Copying 0 resource
2017-12-10 23:54:37,133 [Worker-213] INFO  o.e.m.c.i.embedder.EclipseLogger - Using 'UTF-8' encoding to copy filtered resources.
2017-12-10 23:54:37,133 [Worker-213] INFO  o.e.m.c.i.embedder.EclipseLogger - skip non existing resourceDirectory C:\Users\ka264v\RestDemo\messenger\src\test\resources
2017-12-10 23:54:55,334 [Worker-212] INFO  o.e.m.c.i.embedder.EclipseLogger - Using 'UTF-8' encoding to copy filtered resources.
2017-12-10 23:54:55,335 [Worker-212] INFO  o.e.m.c.i.embedder.EclipseLogger - Copying 0 resource
2017-12-10 23:54:55,336 [Worker-212] INFO  o.e.m.c.i.embedder.EclipseLogger - Using 'UTF-8' encoding to copy filtered resources.
2017-12-10 23:54:55,336 [Worker-212] INFO  o.e.m.c.i.embedder.EclipseLogger - skip non existing resourceDirectory C:\Users\ka264v\RestDemo\messenger\src\test\resources
2017-12-10 23:56:41,280 [Worker-212] INFO  o.e.m.c.i.embedder.EclipseLogger - Using 'UTF-8' encoding to copy filtered resources.
2017-12-10 23:56:41,281 [Worker-212] INFO  o.e.m.c.i.embedder.EclipseLogger - Copying 0 resource
2017-12-10 23:56:41,282 [Worker-212] INFO  o.e.m.c.i.embedder.EclipseLogger - Using 'UTF-8' encoding to copy filtered resources.
2017-12-10 23:56:41,283 [Worker-212] INFO  o.e.m.c.i.embedder.EclipseLogger - skip non existing resourceDirectory C:\Users\ka264v\RestDemo\messenger\src\test\resources
2017-12-10 23:58:22,445 [Worker-216] INFO  o.e.m.c.i.embedder.EclipseLogger - Using 'UTF-8' encoding to copy filtered resources.
2017-12-10 23:58:22,445 [Worker-216] INFO  o.e.m.c.i.embedder.EclipseLogger - Copying 0 resource
2017-12-10 23:58:22,447 [Worker-216] INFO  o.e.m.c.i.embedder.EclipseLogger - Using 'UTF-8' encoding to copy filtered resources.
2017-12-10 23:58:22,447 [Worker-216] INFO  o.e.m.c.i.embedder.EclipseLogger - skip non existing resourceDirectory C:\Users\ka264v\RestDemo\messenger\src\test\resources
2017-12-10 23:59:44,879 [Worker-198] INFO  o.e.m.c.i.embedder.EclipseLogger - Using 'UTF-8' encoding to copy filtered resources.
2017-12-10 23:59:44,880 [Worker-198] INFO  o.e.m.c.i.embedder.EclipseLogger - Copying 0 resource
2017-12-10 23:59:44,881 [Worker-198] INFO  o.e.m.c.i.embedder.EclipseLogger - Using 'UTF-8' encoding to copy filtered resources.
2017-12-10 23:59:44,881 [Worker-198] INFO  o.e.m.c.i.embedder.EclipseLogger - skip non existing resourceDirectory C:\Users\ka264v\RestDemo\messenger\src\test\resources
2017-12-11 00:05:56,269 [Worker-198] INFO  o.e.m.c.i.embedder.EclipseLogger - Using 'UTF-8' encoding to copy filtered resources.
2017-12-11 00:05:56,270 [Worker-198] INFO  o.e.m.c.i.embedder.EclipseLogger - Copying 0 resource
2017-12-11 00:05:56,272 [Worker-198] INFO  o.e.m.c.i.embedder.EclipseLogger - Using 'UTF-8' encoding to copy filtered resources.
2017-12-11 00:05:56,273 [Worker-198] INFO  o.e.m.c.i.embedder.EclipseLogger - skip non existing resourceDirectory C:\Users\ka264v\RestDemo\messenger\src\test\resources
2017-12-11 00:06:13,721 [Worker-213] INFO  o.e.m.c.i.embedder.EclipseLogger - Using 'UTF-8' encoding to copy filtered resources.
2017-12-11 00:06:13,721 [Worker-213] INFO  o.e.m.c.i.embedder.EclipseLogger - Copying 0 resource
2017-12-11 00:06:13,724 [Worker-213] INFO  o.e.m.c.i.embedder.EclipseLogger - Using 'UTF-8' encoding to copy filtered resources.
2017-12-11 00:06:13,724 [Worker-213] INFO  o.e.m.c.i.embedder.EclipseLogger - skip non existing resourceDirectory C:\Users\ka264v\RestDemo\messenger\src\test\resources
2017-12-11 00:08:18,297 [Worker-213] INFO  o.e.m.c.i.embedder.EclipseLogger - Using 'UTF-8' encoding to copy filtered resources.
2017-12-11 00:08:18,298 [Worker-213] INFO  o.e.m.c.i.embedder.EclipseLogger - Copying 0 resource
2017-12-11 00:08:18,300 [Worker-213] INFO  o.e.m.c.i.embedder.EclipseLogger - Using 'UTF-8' encoding to copy filtered resources.
2017-12-11 00:08:18,300 [Worker-213] INFO  o.e.m.c.i.embedder.EclipseLogger - skip non existing resourceDirectory C:\Users\ka264v\RestDemo\messenger\src\test\resources
2017-12-11 00:10:33,360 [Worker-218] INFO  o.e.m.c.i.embedder.EclipseLogger - Using 'UTF-8' encoding to copy filtered resources.
2017-12-11 00:10:33,373 [Worker-218] INFO  o.e.m.c.i.embedder.EclipseLogger - Copying 0 resource
2017-12-11 00:10:33,374 [Worker-218] INFO  o.e.m.c.i.embedder.EclipseLogger - Using 'UTF-8' encoding to copy filtered resources.
2017-12-11 00:10:33,375 [Worker-218] INFO  o.e.m.c.i.embedder.EclipseLogger - skip non existing resourceDirectory C:\Users\ka264v\RestDemo\messenger\src\test\resources
2017-12-11 00:11:39,362 [Worker-213] INFO  o.e.m.c.i.embedder.EclipseLogger - Using 'UTF-8' encoding to copy filtered resources.
2017-12-11 00:11:39,363 [Worker-213] INFO  o.e.m.c.i.embedder.EclipseLogger - Copying 0 resource
2017-12-11 00:11:39,364 [Worker-213] INFO  o.e.m.c.i.embedder.EclipseLogger - Using 'UTF-8' encoding to copy filtered resources.
2017-12-11 00:11:39,365 [Worker-213] INFO  o.e.m.c.i.embedder.EclipseLogger - skip non existing resourceDirectory C:\Users\ka264v\RestDemo\messenger\src\test\resources
2017-12-11 00:16:23,538 [Worker-217] INFO  o.e.m.c.i.embedder.EclipseLogger - Using 'UTF-8' encoding to copy filtered resources.
2017-12-11 00:16:23,539 [Worker-217] INFO  o.e.m.c.i.embedder.EclipseLogger - Copying 0 resource
2017-12-11 00:16:23,540 [Worker-217] INFO  o.e.m.c.i.embedder.EclipseLogger - Using 'UTF-8' encoding to copy filtered resources.
2017-12-11 00:16:23,540 [Worker-217] INFO  o.e.m.c.i.embedder.EclipseLogger - skip non existing resourceDirectory C:\Users\ka264v\RestDemo\messenger\src\test\resources
2017-12-11 00:20:00,607 [Worker-198] INFO  o.e.m.c.i.embedder.EclipseLogger - Using 'UTF-8' encoding to copy filtered resources.
2017-12-11 00:20:00,608 [Worker-198] INFO  o.e.m.c.i.embedder.EclipseLogger - Copying 0 resource
2017-12-11 00:20:00,610 [Worker-198] INFO  o.e.m.c.i.embedder.EclipseLogger - Using 'UTF-8' encoding to copy filtered resources.
2017-12-11 00:20:00,610 [Worker-198] INFO  o.e.m.c.i.embedder.EclipseLogger - skip non existing resourceDirectory C:\Users\ka264v\RestDemo\messenger\src\test\resources
2017-12-11 00:22:55,301 [Worker-198] INFO  o.e.m.c.i.embedder.EclipseLogger - Using 'UTF-8' encoding to copy filtered resources.
2017-12-11 00:22:55,301 [Worker-198] INFO  o.e.m.c.i.embedder.EclipseLogger - Copying 0 resource
2017-12-11 00:22:55,303 [Worker-198] INFO  o.e.m.c.i.embedder.EclipseLogger - Using 'UTF-8' encoding to copy filtered resources.
2017-12-11 00:22:55,303 [Worker-198] INFO  o.e.m.c.i.embedder.EclipseLogger - skip non existing resourceDirectory C:\Users\ka264v\RestDemo\messenger\src\test\resources
2017-12-11 00:24:06,424 [Worker-222] INFO  o.e.m.c.i.embedder.EclipseLogger - Using 'UTF-8' encoding to copy filtered resources.
2017-12-11 00:24:06,425 [Worker-222] INFO  o.e.m.c.i.embedder.EclipseLogger - Copying 0 resource
2017-12-11 00:24:06,426 [Worker-222] INFO  o.e.m.c.i.embedder.EclipseLogger - Using 'UTF-8' encoding to copy filtered resources.
2017-12-11 00:24:06,427 [Worker-222] INFO  o.e.m.c.i.embedder.EclipseLogger - skip non existing resourceDirectory C:\Users\ka264v\RestDemo\messenger\src\test\resources
2017-12-11 00:26:54,422 [Worker-198] INFO  o.e.m.c.i.embedder.EclipseLogger - Using 'UTF-8' encoding to copy filtered resources.
2017-12-11 00:26:54,423 [Worker-198] INFO  o.e.m.c.i.embedder.EclipseLogger - Copying 0 resource
2017-12-11 00:26:54,426 [Worker-198] INFO  o.e.m.c.i.embedder.EclipseLogger - Using 'UTF-8' encoding to copy filtered resources.
2017-12-11 00:26:54,426 [Worker-198] INFO  o.e.m.c.i.embedder.EclipseLogger - skip non existing resourceDirectory C:\Users\ka264v\RestDemo\messenger\src\test\resources
2017-12-14 19:34:02,817 [Worker-5] INFO  o.e.m.c.i.l.LifecycleMappingFactory - Using org.maven.ide.eclipse.wtp.WarLifecycleMapping lifecycle mapping for MavenProject: org.koushik.javabrains:messenger:0.0.1-SNAPSHOT @ C:\Users\ka264v\RestDemo\messenger\pom.xml.
2017-12-14 19:34:04,659 [Worker-5] INFO  o.e.m.c.i.embedder.EclipseLogger - Using 'UTF-8' encoding to copy filtered resources.
2017-12-14 19:34:04,671 [Worker-5] INFO  o.e.m.c.i.embedder.EclipseLogger - Copying 0 resource
2017-12-14 19:34:04,675 [Worker-5] INFO  o.e.m.c.i.embedder.EclipseLogger - Using 'UTF-8' encoding to copy filtered resources.
2017-12-14 19:34:04,675 [Worker-5] INFO  o.e.m.c.i.embedder.EclipseLogger - skip non existing resourceDirectory C:\Users\ka264v\RestDemo\messenger\src\test\resources
2017-12-14 19:39:55,205 [Worker-2] INFO  o.e.m.c.i.embedder.EclipseLogger - Using 'UTF-8' encoding to copy filtered resources.
2017-12-14 19:39:55,212 [Worker-2] INFO  o.e.m.c.i.embedder.EclipseLogger - Copying 0 resource
2017-12-14 19:39:55,214 [Worker-2] INFO  o.e.m.c.i.embedder.EclipseLogger - Using 'UTF-8' encoding to copy filtered resources.
2017-12-14 19:39:55,214 [Worker-2] INFO  o.e.m.c.i.embedder.EclipseLogger - skip non existing resourceDirectory C:\Users\ka264v\RestDemo\messenger\src\test\resources
2017-12-14 19:42:50,805 [Worker-3] INFO  o.e.m.c.i.embedder.EclipseLogger - Using 'UTF-8' encoding to copy filtered resources.
2017-12-14 19:42:50,806 [Worker-3] INFO  o.e.m.c.i.embedder.EclipseLogger - Copying 0 resource
2017-12-14 19:42:50,807 [Worker-3] INFO  o.e.m.c.i.embedder.EclipseLogger - Using 'UTF-8' encoding to copy filtered resources.
2017-12-14 19:42:50,807 [Worker-3] INFO  o.e.m.c.i.embedder.EclipseLogger - skip non existing resourceDirectory C:\Users\ka264v\RestDemo\messenger\src\test\resources
2017-12-14 19:43:59,308 [Worker-12] INFO  o.e.m.c.i.embedder.EclipseLogger - Using 'UTF-8' encoding to copy filtered resources.
2017-12-14 19:43:59,309 [Worker-12] INFO  o.e.m.c.i.embedder.EclipseLogger - Copying 0 resource
2017-12-14 19:43:59,311 [Worker-12] INFO  o.e.m.c.i.embedder.EclipseLogger - Using 'UTF-8' encoding to copy filtered resources.
2017-12-14 19:43:59,311 [Worker-12] INFO  o.e.m.c.i.embedder.EclipseLogger - skip non existing resourceDirectory C:\Users\ka264v\RestDemo\messenger\src\test\resources
2017-12-14 19:52:56,130 [Worker-12] INFO  o.e.m.c.i.embedder.EclipseLogger - Using 'UTF-8' encoding to copy filtered resources.
2017-12-14 19:52:56,131 [Worker-12] INFO  o.e.m.c.i.embedder.EclipseLogger - Copying 0 resource
2017-12-14 19:52:56,132 [Worker-12] INFO  o.e.m.c.i.embedder.EclipseLogger - Using 'UTF-8' encoding to copy filtered resources.
2017-12-14 19:52:56,133 [Worker-12] INFO  o.e.m.c.i.embedder.EclipseLogger - skip non existing resourceDirectory C:\Users\ka264v\RestDemo\messenger\src\test\resources
2017-12-19 13:29:05,907 [Worker-339] INFO  o.e.m.c.i.embedder.EclipseLogger - Using 'UTF-8' encoding to copy filtered resources.
2017-12-19 13:29:05,913 [Worker-339] INFO  o.e.m.c.i.embedder.EclipseLogger - Copying 0 resource
2017-12-19 13:29:05,928 [Worker-339] INFO  o.e.m.c.i.embedder.EclipseLogger - Using 'UTF-8' encoding to copy filtered resources.
2017-12-19 13:29:05,929 [Worker-339] INFO  o.e.m.c.i.embedder.EclipseLogger - skip non existing resourceDirectory C:\Users\ka264v\RestDemo\messenger\src\test\resources
2017-12-21 18:27:01,697 [Worker-1] INFO  o.e.m.c.i.l.LifecycleMappingFactory - Using org.maven.ide.eclipse.wtp.WarLifecycleMapping lifecycle mapping for MavenProject: org.koushik.javabrains:messenger:0.0.1-SNAPSHOT @ C:\Users\ka264v\RestDemo\messenger\pom.xml.
2017-12-21 18:27:03,449 [Worker-1] INFO  o.e.m.c.i.embedder.EclipseLogger - Using 'UTF-8' encoding to copy filtered resources.
2017-12-21 18:27:03,453 [Worker-1] INFO  o.e.m.c.i.embedder.EclipseLogger - Copying 0 resource
2017-12-21 18:27:03,456 [Worker-1] INFO  o.e.m.c.i.embedder.EclipseLogger - Using 'UTF-8' encoding to copy filtered resources.
2017-12-21 18:27:03,456 [Worker-1] INFO  o.e.m.c.i.embedder.EclipseLogger - skip non existing resourceDirectory C:\Users\ka264v\RestDemo\messenger\src\test\resources
2017-12-24 10:43:37,686 [Worker-7] INFO  o.e.m.c.i.embedder.EclipseLogger - Using 'UTF-8' encoding to copy filtered resources.
2017-12-24 10:43:37,697 [Worker-7] INFO  o.e.m.c.i.embedder.EclipseLogger - Copying 0 resource
2017-12-24 10:43:37,700 [Worker-7] INFO  o.e.m.c.i.embedder.EclipseLogger - Using 'UTF-8' encoding to copy filtered resources.
2017-12-24 10:43:37,701 [Worker-7] INFO  o.e.m.c.i.embedder.EclipseLogger - skip non existing resourceDirectory C:\Users\ka264v\RestDemo\messenger\src\test\resources
2017-12-24 11:28:06,305 [Worker-15] INFO  o.e.m.c.i.embedder.EclipseLogger - Using 'UTF-8' encoding to copy filtered resources.
2017-12-24 11:28:06,345 [Worker-15] INFO  o.e.m.c.i.embedder.EclipseLogger - Copying 0 resource
2017-12-24 11:28:06,345 [Worker-15] INFO  o.e.m.c.i.embedder.EclipseLogger - Using 'UTF-8' encoding to copy filtered resources.
2017-12-24 11:28:06,345 [Worker-15] INFO  o.e.m.c.i.embedder.EclipseLogger - skip non existing resourceDirectory C:\Users\ka264v\RestDemo\messenger\src\test\resources
2017-12-24 11:31:10,654 [Worker-17] INFO  o.e.m.c.i.embedder.EclipseLogger - Using 'UTF-8' encoding to copy filtered resources.
2017-12-24 11:31:10,654 [Worker-17] INFO  o.e.m.c.i.embedder.EclipseLogger - Copying 0 resource
2017-12-24 11:31:10,654 [Worker-17] INFO  o.e.m.c.i.embedder.EclipseLogger - Using 'UTF-8' encoding to copy filtered resources.
2017-12-24 11:31:10,654 [Worker-17] INFO  o.e.m.c.i.embedder.EclipseLogger - skip non existing resourceDirectory C:\Users\ka264v\RestDemo\messenger\src\test\resources
2017-12-24 11:36:29,857 [Worker-12] INFO  o.e.m.c.i.embedder.EclipseLogger - Using 'UTF-8' encoding to copy filtered resources.
2017-12-24 11:36:29,857 [Worker-12] INFO  o.e.m.c.i.embedder.EclipseLogger - Copying 0 resource
2017-12-24 11:36:29,857 [Worker-12] INFO  o.e.m.c.i.embedder.EclipseLogger - Using 'UTF-8' encoding to copy filtered resources.
2017-12-24 11:36:29,857 [Worker-12] INFO  o.e.m.c.i.embedder.EclipseLogger - skip non existing resourceDirectory C:\Users\ka264v\RestDemo\messenger\src\test\resources
2017-12-24 11:37:33,128 [Worker-12] INFO  o.e.m.c.i.embedder.EclipseLogger - Using 'UTF-8' encoding to copy filtered resources.
2017-12-24 11:37:33,128 [Worker-12] INFO  o.e.m.c.i.embedder.EclipseLogger - Copying 0 resource
2017-12-24 11:37:33,128 [Worker-12] INFO  o.e.m.c.i.embedder.EclipseLogger - Using 'UTF-8' encoding to copy filtered resources.
2017-12-24 11:37:33,128 [Worker-12] INFO  o.e.m.c.i.embedder.EclipseLogger - skip non existing resourceDirectory C:\Users\ka264v\RestDemo\messenger\src\test\resources
2017-12-24 11:41:00,715 [Worker-18] INFO  o.e.m.c.i.embedder.EclipseLogger - Using 'UTF-8' encoding to copy filtered resources.
2017-12-24 11:41:00,715 [Worker-18] INFO  o.e.m.c.i.embedder.EclipseLogger - Copying 0 resource
2017-12-24 11:41:00,715 [Worker-18] INFO  o.e.m.c.i.embedder.EclipseLogger - Using 'UTF-8' encoding to copy filtered resources.
2017-12-24 11:41:00,715 [Worker-18] INFO  o.e.m.c.i.embedder.EclipseLogger - skip non existing resourceDirectory C:\Users\ka264v\RestDemo\messenger\src\test\resources
2017-12-24 11:58:41,832 [Worker-25] INFO  o.e.m.c.i.embedder.EclipseLogger - Using 'UTF-8' encoding to copy filtered resources.
2017-12-24 11:58:41,842 [Worker-25] INFO  o.e.m.c.i.embedder.EclipseLogger - Copying 0 resource
2017-12-24 11:58:41,842 [Worker-25] INFO  o.e.m.c.i.embedder.EclipseLogger - Using 'UTF-8' encoding to copy filtered resources.
2017-12-24 11:58:41,842 [Worker-25] INFO  o.e.m.c.i.embedder.EclipseLogger - skip non existing resourceDirectory C:\Users\ka264v\RestDemo\messenger\src\test\resources
2017-12-24 12:05:28,025 [Worker-20] INFO  o.e.m.c.i.embedder.EclipseLogger - Using 'UTF-8' encoding to copy filtered resources.
2017-12-24 12:05:28,035 [Worker-20] INFO  o.e.m.c.i.embedder.EclipseLogger - Copying 0 resource
2017-12-24 12:05:28,035 [Worker-20] INFO  o.e.m.c.i.embedder.EclipseLogger - Using 'UTF-8' encoding to copy filtered resources.
2017-12-24 12:05:28,035 [Worker-20] INFO  o.e.m.c.i.embedder.EclipseLogger - skip non existing resourceDirectory C:\Users\ka264v\RestDemo\messenger\src\test\resources
2017-12-24 12:24:59,483 [Worker-32] INFO  o.e.m.c.i.embedder.EclipseLogger - Using 'UTF-8' encoding to copy filtered resources.
2017-12-24 12:24:59,483 [Worker-32] INFO  o.e.m.c.i.embedder.EclipseLogger - Copying 0 resource
2017-12-24 12:24:59,483 [Worker-32] INFO  o.e.m.c.i.embedder.EclipseLogger - Using 'UTF-8' encoding to copy filtered resources.
2017-12-24 12:24:59,483 [Worker-32] INFO  o.e.m.c.i.embedder.EclipseLogger - skip non existing resourceDirectory C:\Users\ka264v\RestDemo\messenger\src\test\resources
2017-12-24 12:25:50,178 [Worker-33] INFO  o.e.m.c.i.embedder.EclipseLogger - Using 'UTF-8' encoding to copy filtered resources.
2017-12-24 12:25:50,178 [Worker-33] INFO  o.e.m.c.i.embedder.EclipseLogger - Copying 0 resource
2017-12-24 12:25:50,178 [Worker-33] INFO  o.e.m.c.i.embedder.EclipseLogger - Using 'UTF-8' encoding to copy filtered resources.
2017-12-24 12:25:50,178 [Worker-33] INFO  o.e.m.c.i.embedder.EclipseLogger - skip non existing resourceDirectory C:\Users\ka264v\RestDemo\messenger\src\test\resources
2017-12-24 12:31:00,850 [Worker-32] INFO  o.e.m.c.i.embedder.EclipseLogger - Using 'UTF-8' encoding to copy filtered resources.
2017-12-24 12:31:00,850 [Worker-32] INFO  o.e.m.c.i.embedder.EclipseLogger - Copying 0 resource
2017-12-24 12:31:00,850 [Worker-32] INFO  o.e.m.c.i.embedder.EclipseLogger - Using 'UTF-8' encoding to copy filtered resources.
2017-12-24 12:31:00,850 [Worker-32] INFO  o.e.m.c.i.embedder.EclipseLogger - skip non existing resourceDirectory C:\Users\ka264v\RestDemo\messenger\src\test\resources
2017-12-24 12:31:14,208 [Worker-32] INFO  o.e.m.c.i.embedder.EclipseLogger - Using 'UTF-8' encoding to copy filtered resources.
2017-12-24 12:31:14,218 [Worker-32] INFO  o.e.m.c.i.embedder.EclipseLogger - Copying 0 resource
2017-12-24 12:31:14,218 [Worker-32] INFO  o.e.m.c.i.embedder.EclipseLogger - Using 'UTF-8' encoding to copy filtered resources.
2017-12-24 12:31:14,218 [Worker-32] INFO  o.e.m.c.i.embedder.EclipseLogger - skip non existing resourceDirectory C:\Users\ka264v\RestDemo\messenger\src\test\resources
2017-12-24 12:32:18,399 [Worker-34] INFO  o.e.m.c.i.embedder.EclipseLogger - Using 'UTF-8' encoding to copy filtered resources.
2017-12-24 12:32:18,399 [Worker-34] INFO  o.e.m.c.i.embedder.EclipseLogger - Copying 0 resource
2017-12-24 12:32:18,399 [Worker-34] INFO  o.e.m.c.i.embedder.EclipseLogger - Using 'UTF-8' encoding to copy filtered resources.
2017-12-24 12:32:18,399 [Worker-34] INFO  o.e.m.c.i.embedder.EclipseLogger - skip non existing resourceDirectory C:\Users\ka264v\RestDemo\messenger\src\test\resources
2017-12-24 12:43:14,003 [Worker-38] INFO  o.e.m.c.i.l.LifecycleMappingFactory - Using org.maven.ide.eclipse.wtp.WarLifecycleMapping lifecycle mapping for MavenProject: org.koushik.javabrains:messenger:0.0.1-SNAPSHOT @ C:\Users\ka264v\RestDemo\messenger\pom.xml.
2017-12-24 12:43:15,280 [Worker-38] INFO  o.e.m.c.i.e.AbstractTransferListenerAdapter - Downloading http://repo.maven.apache.org/maven2/org/glassfish/jersey/media/jersey-media-moxy/2.16/jersey-media-moxy-2.16.pom
2017-12-24 12:43:15,758 [Worker-38] INFO  o.e.m.c.i.e.AbstractTransferListenerAdapter - Downloaded http://repo.maven.apache.org/maven2/org/glassfish/jersey/media/jersey-media-moxy/2.16/jersey-media-moxy-2.16.pom
2017-12-24 12:43:16,138 [Worker-38] INFO  o.e.m.c.i.e.AbstractTransferListenerAdapter - Downloading http://repo.maven.apache.org/maven2/org/glassfish/jersey/ext/jersey-entity-filtering/2.16/jersey-entity-filtering-2.16.pom
2017-12-24 12:43:16,588 [Worker-38] INFO  o.e.m.c.i.e.AbstractTransferListenerAdapter - Downloaded http://repo.maven.apache.org/maven2/org/glassfish/jersey/ext/jersey-entity-filtering/2.16/jersey-entity-filtering-2.16.pom
2017-12-24 12:43:17,038 [Worker-38] INFO  o.e.m.c.i.e.AbstractTransferListenerAdapter - Downloading http://repo.maven.apache.org/maven2/org/glassfish/jersey/ext/project/2.16/project-2.16.pom
2017-12-24 12:43:17,528 [Worker-38] INFO  o.e.m.c.i.e.AbstractTransferListenerAdapter - Downloaded http://repo.maven.apache.org/maven2/org/glassfish/jersey/ext/project/2.16/project-2.16.pom
2017-12-24 12:43:17,923 [Worker-38] INFO  o.e.m.c.i.e.AbstractTransferListenerAdapter - Downloading http://repo.maven.apache.org/maven2/org/eclipse/persistence/org.eclipse.persistence.moxy/2.5.0/org.eclipse.persistence.moxy-2.5.0.pom
2017-12-24 12:43:18,765 [Worker-38] INFO  o.e.m.c.i.e.AbstractTransferListenerAdapter - Downloaded http://repo.maven.apache.org/maven2/org/eclipse/persistence/org.eclipse.persistence.moxy/2.5.0/org.eclipse.persistence.moxy-2.5.0.pom
2017-12-24 12:43:19,190 [Worker-38] INFO  o.e.m.c.i.e.AbstractTransferListenerAdapter - Downloading http://repo.maven.apache.org/maven2/org/eclipse/persistence/org.eclipse.persistence.core/2.5.0/org.eclipse.persistence.core-2.5.0.pom
2017-12-24 12:43:19,685 [Worker-38] INFO  o.e.m.c.i.e.AbstractTransferListenerAdapter - Downloaded http://repo.maven.apache.org/maven2/org/eclipse/persistence/org.eclipse.persistence.core/2.5.0/org.eclipse.persistence.core-2.5.0.pom
2017-12-24 12:43:20,078 [Worker-38] INFO  o.e.m.c.i.e.AbstractTransferListenerAdapter - Downloading http://repo.maven.apache.org/maven2/org/eclipse/persistence/org.eclipse.persistence.asm/2.5.0/org.eclipse.persistence.asm-2.5.0.pom
2017-12-24 12:43:20,520 [Worker-38] INFO  o.e.m.c.i.e.AbstractTransferListenerAdapter - Downloaded http://repo.maven.apache.org/maven2/org/eclipse/persistence/org.eclipse.persistence.asm/2.5.0/org.eclipse.persistence.asm-2.5.0.pom
2017-12-24 12:43:20,960 [Worker-38] INFO  o.e.m.c.i.e.AbstractTransferListenerAdapter - Downloading http://repo.maven.apache.org/maven2/org/eclipse/persistence/org.eclipse.persistence.antlr/2.5.0/org.eclipse.persistence.antlr-2.5.0.pom
2017-12-24 12:43:21,370 [Worker-38] INFO  o.e.m.c.i.e.AbstractTransferListenerAdapter - Downloaded http://repo.maven.apache.org/maven2/org/eclipse/persistence/org.eclipse.persistence.antlr/2.5.0/org.eclipse.persistence.antlr-2.5.0.pom
2017-12-24 12:43:21,608 [Worker-38] INFO  o.e.m.c.i.e.AbstractTransferListenerAdapter - Downloading http://repo.maven.apache.org/maven2/org/glassfish/jersey/media/jersey-media-moxy/2.16/jersey-media-moxy-2.16.jar
2017-12-24 12:43:22,270 [Worker-38] INFO  o.e.m.c.i.e.AbstractTransferListenerAdapter - Downloaded http://repo.maven.apache.org/maven2/org/glassfish/jersey/media/jersey-media-moxy/2.16/jersey-media-moxy-2.16.jar
2017-12-24 12:43:22,483 [Worker-38] INFO  o.e.m.c.i.e.AbstractTransferListenerAdapter - Downloading http://repo.maven.apache.org/maven2/org/glassfish/jersey/ext/jersey-entity-filtering/2.16/jersey-entity-filtering-2.16.jar
2017-12-24 12:43:23,510 [Worker-38] INFO  o.e.m.c.i.e.AbstractTransferListenerAdapter - Downloaded http://repo.maven.apache.org/maven2/org/glassfish/jersey/ext/jersey-entity-filtering/2.16/jersey-entity-filtering-2.16.jar
2017-12-24 12:43:23,693 [Worker-38] INFO  o.e.m.c.i.e.AbstractTransferListenerAdapter - Downloading http://repo.maven.apache.org/maven2/org/eclipse/persistence/org.eclipse.persistence.moxy/2.5.0/org.eclipse.persistence.moxy-2.5.0.jar
2017-12-24 12:43:25,793 [Worker-38] INFO  o.e.m.c.i.e.AbstractTransferListenerAdapter - Downloaded http://repo.maven.apache.org/maven2/org/eclipse/persistence/org.eclipse.persistence.moxy/2.5.0/org.eclipse.persistence.moxy-2.5.0.jar
2017-12-24 12:43:26,003 [Worker-38] INFO  o.e.m.c.i.e.AbstractTransferListenerAdapter - Downloading http://repo.maven.apache.org/maven2/org/eclipse/persistence/org.eclipse.persistence.core/2.5.0/org.eclipse.persistence.core-2.5.0.jar
2017-12-24 12:44:07,421 [Worker-38] INFO  o.e.m.c.i.e.AbstractTransferListenerAdapter - Downloaded http://repo.maven.apache.org/maven2/org/eclipse/persistence/org.eclipse.persistence.core/2.5.0/org.eclipse.persistence.core-2.5.0.jar
2017-12-24 12:44:07,618 [Worker-38] INFO  o.e.m.c.i.e.AbstractTransferListenerAdapter - Downloading http://repo.maven.apache.org/maven2/org/eclipse/persistence/org.eclipse.persistence.asm/2.5.0/org.eclipse.persistence.asm-2.5.0.jar
2017-12-24 12:44:10,923 [Worker-38] INFO  o.e.m.c.i.e.AbstractTransferListenerAdapter - Downloaded http://repo.maven.apache.org/maven2/org/eclipse/persistence/org.eclipse.persistence.asm/2.5.0/org.eclipse.persistence.asm-2.5.0.jar
2017-12-24 12:44:11,138 [Worker-38] INFO  o.e.m.c.i.e.AbstractTransferListenerAdapter - Downloading http://repo.maven.apache.org/maven2/org/eclipse/persistence/org.eclipse.persistence.antlr/2.5.0/org.eclipse.persistence.antlr-2.5.0.jar
2017-12-24 12:44:13,433 [Worker-38] INFO  o.e.m.c.i.e.AbstractTransferListenerAdapter - Downloaded http://repo.maven.apache.org/maven2/org/eclipse/persistence/org.eclipse.persistence.antlr/2.5.0/org.eclipse.persistence.antlr-2.5.0.jar
2017-12-24 12:44:15,664 [Worker-38] INFO  o.e.m.c.i.embedder.EclipseLogger - Using 'UTF-8' encoding to copy filtered resources.
2017-12-24 12:44:15,664 [Worker-38] INFO  o.e.m.c.i.embedder.EclipseLogger - Copying 0 resource
2017-12-24 12:44:15,664 [Worker-38] INFO  o.e.m.c.i.embedder.EclipseLogger - Using 'UTF-8' encoding to copy filtered resources.
2017-12-24 12:44:15,674 [Worker-38] INFO  o.e.m.c.i.embedder.EclipseLogger - skip non existing resourceDirectory C:\Users\ka264v\RestDemo\messenger\src\test\resources
2017-12-24 12:44:15,674 [Worker-38] INFO  o.e.m.w.i.f.ResourceFilteringBuildParticipant - Changed resources require a complete clean of filtered resources of messenger
2017-12-24 12:44:15,674 [Worker-38] INFO  o.e.m.w.i.f.ResourceFilteringBuildParticipant - Executing resource filtering for messenger
2017-12-24 12:44:15,674 [Worker-38] INFO  o.e.m.c.i.embedder.EclipseLogger - Using 'UTF-8' encoding to copy filtered resources.
2017-12-24 12:44:16,746 [Worker-39] INFO  o.e.m.c.i.embedder.EclipseLogger - Using 'UTF-8' encoding to copy filtered resources.
2017-12-24 12:44:16,747 [Worker-39] INFO  o.e.m.c.i.embedder.EclipseLogger - Copying 0 resource
2017-12-24 12:44:16,748 [Worker-39] INFO  o.e.m.c.i.embedder.EclipseLogger - Using 'UTF-8' encoding to copy filtered resources.
2017-12-24 12:44:16,749 [Worker-39] INFO  o.e.m.c.i.embedder.EclipseLogger - skip non existing resourceDirectory C:\Users\ka264v\RestDemo\messenger\src\test\resources
2017-12-24 12:56:30,016 [Worker-49] INFO  o.e.m.c.i.embedder.EclipseLogger - Using 'UTF-8' encoding to copy filtered resources.
2017-12-24 12:56:30,026 [Worker-49] INFO  o.e.m.c.i.embedder.EclipseLogger - Copying 0 resource
2017-12-24 12:56:30,026 [Worker-49] INFO  o.e.m.c.i.embedder.EclipseLogger - Using 'UTF-8' encoding to copy filtered resources.
2017-12-24 12:56:30,026 [Worker-49] INFO  o.e.m.c.i.embedder.EclipseLogger - skip non existing resourceDirectory C:\Users\ka264v\RestDemo\messenger\src\test\resources
2017-12-24 13:07:55,612 [Worker-54] INFO  o.e.m.c.i.embedder.EclipseLogger - Using 'UTF-8' encoding to copy filtered resources.
2017-12-24 13:07:55,612 [Worker-54] INFO  o.e.m.c.i.embedder.EclipseLogger - Copying 0 resource
2017-12-24 13:07:55,612 [Worker-54] INFO  o.e.m.c.i.embedder.EclipseLogger - Using 'UTF-8' encoding to copy filtered resources.
2017-12-24 13:07:55,612 [Worker-54] INFO  o.e.m.c.i.embedder.EclipseLogger - skip non existing resourceDirectory C:\Users\ka264v\RestDemo\messenger\src\test\resources
2017-12-24 13:08:11,675 [Worker-54] INFO  o.e.m.c.i.embedder.EclipseLogger - Using 'UTF-8' encoding to copy filtered resources.
2017-12-24 13:08:11,675 [Worker-54] INFO  o.e.m.c.i.embedder.EclipseLogger - Copying 0 resource
2017-12-24 13:08:11,675 [Worker-54] INFO  o.e.m.c.i.embedder.EclipseLogger - Using 'UTF-8' encoding to copy filtered resources.
2017-12-24 13:08:11,675 [Worker-54] INFO  o.e.m.c.i.embedder.EclipseLogger - skip non existing resourceDirectory C:\Users\ka264v\RestDemo\messenger\src\test\resources
2017-12-24 13:16:03,729 [Worker-53] INFO  o.e.m.c.i.embedder.EclipseLogger - Using 'UTF-8' encoding to copy filtered resources.
2017-12-24 13:16:03,729 [Worker-53] INFO  o.e.m.c.i.embedder.EclipseLogger - Copying 0 resource
2017-12-24 13:16:03,729 [Worker-53] INFO  o.e.m.c.i.embedder.EclipseLogger - Using 'UTF-8' encoding to copy filtered resources.
2017-12-24 13:16:03,729 [Worker-53] INFO  o.e.m.c.i.embedder.EclipseLogger - skip non existing resourceDirectory C:\Users\ka264v\RestDemo\messenger\src\test\resources
2017-12-24 13:26:43,595 [Worker-75] INFO  o.e.m.c.i.embedder.EclipseLogger - Using 'UTF-8' encoding to copy filtered resources.
2017-12-24 13:26:43,595 [Worker-75] INFO  o.e.m.c.i.embedder.EclipseLogger - Copying 0 resource
2017-12-24 13:26:43,595 [Worker-75] INFO  o.e.m.c.i.embedder.EclipseLogger - Using 'UTF-8' encoding to copy filtered resources.
2017-12-24 13:26:43,595 [Worker-75] INFO  o.e.m.c.i.embedder.EclipseLogger - skip non existing resourceDirectory C:\Users\ka264v\RestDemo\messenger\src\test\resources
2017-12-25 21:49:59,316 [Worker-223] INFO  o.e.m.c.i.embedder.EclipseLogger - Using 'UTF-8' encoding to copy filtered resources.
2017-12-25 21:49:59,316 [Worker-223] INFO  o.e.m.c.i.embedder.EclipseLogger - Copying 0 resource
2017-12-25 21:49:59,316 [Worker-223] INFO  o.e.m.c.i.embedder.EclipseLogger - Using 'UTF-8' encoding to copy filtered resources.
2017-12-25 21:49:59,316 [Worker-223] INFO  o.e.m.c.i.embedder.EclipseLogger - skip non existing resourceDirectory C:\Users\ka264v\RestDemo\messenger\src\test\resources
2017-12-25 21:55:01,608 [Worker-229] INFO  o.e.m.c.i.embedder.EclipseLogger - Using 'UTF-8' encoding to copy filtered resources.
2017-12-25 21:55:01,618 [Worker-229] INFO  o.e.m.c.i.embedder.EclipseLogger - Copying 0 resource
2017-12-25 21:55:01,618 [Worker-229] INFO  o.e.m.c.i.embedder.EclipseLogger - Using 'UTF-8' encoding to copy filtered resources.
2017-12-25 21:55:01,618 [Worker-229] INFO  o.e.m.c.i.embedder.EclipseLogger - skip non existing resourceDirectory C:\Users\ka264v\RestDemo\messenger\src\test\resources
2017-12-25 22:01:03,229 [Worker-228] INFO  o.e.m.c.i.embedder.EclipseLogger - Using 'UTF-8' encoding to copy filtered resources.
2017-12-25 22:01:03,239 [Worker-228] INFO  o.e.m.c.i.embedder.EclipseLogger - Copying 0 resource
2017-12-25 22:01:03,239 [Worker-228] INFO  o.e.m.c.i.embedder.EclipseLogger - Using 'UTF-8' encoding to copy filtered resources.
2017-12-25 22:01:03,239 [Worker-228] INFO  o.e.m.c.i.embedder.EclipseLogger - skip non existing resourceDirectory C:\Users\ka264v\RestDemo\messenger\src\test\resources
2017-12-25 22:07:18,995 [Worker-238] INFO  o.e.m.c.i.embedder.EclipseLogger - Using 'UTF-8' encoding to copy filtered resources.
2017-12-25 22:07:18,997 [Worker-238] INFO  o.e.m.c.i.embedder.EclipseLogger - Copying 0 resource
2017-12-25 22:07:18,997 [Worker-238] INFO  o.e.m.c.i.embedder.EclipseLogger - Using 'UTF-8' encoding to copy filtered resources.
2017-12-25 22:07:19,000 [Worker-238] INFO  o.e.m.c.i.embedder.EclipseLogger - skip non existing resourceDirectory C:\Users\ka264v\RestDemo\messenger\src\test\resources
2017-12-25 22:08:00,757 [Worker-238] INFO  o.e.m.c.i.embedder.EclipseLogger - Using 'UTF-8' encoding to copy filtered resources.
2017-12-25 22:08:00,767 [Worker-238] INFO  o.e.m.c.i.embedder.EclipseLogger - Copying 0 resource
2017-12-25 22:08:00,767 [Worker-238] INFO  o.e.m.c.i.embedder.EclipseLogger - Using 'UTF-8' encoding to copy filtered resources.
2017-12-25 22:08:00,767 [Worker-238] INFO  o.e.m.c.i.embedder.EclipseLogger - skip non existing resourceDirectory C:\Users\ka264v\RestDemo\messenger\src\test\resources
2017-12-25 22:12:14,337 [Worker-237] INFO  o.e.m.c.i.embedder.EclipseLogger - Using 'UTF-8' encoding to copy filtered resources.
2017-12-25 22:12:14,338 [Worker-237] INFO  o.e.m.c.i.embedder.EclipseLogger - Copying 0 resource
2017-12-25 22:12:14,343 [Worker-237] INFO  o.e.m.c.i.embedder.EclipseLogger - Using 'UTF-8' encoding to copy filtered resources.
2017-12-25 22:12:14,343 [Worker-237] INFO  o.e.m.c.i.embedder.EclipseLogger - skip non existing resourceDirectory C:\Users\ka264v\RestDemo\messenger\src\test\resources
2017-12-25 22:21:41,294 [Worker-237] INFO  o.e.m.c.i.embedder.EclipseLogger - Using 'UTF-8' encoding to copy filtered resources.
2017-12-25 22:21:41,294 [Worker-237] INFO  o.e.m.c.i.embedder.EclipseLogger - Copying 0 resource
2017-12-25 22:21:41,294 [Worker-237] INFO  o.e.m.c.i.embedder.EclipseLogger - Using 'UTF-8' encoding to copy filtered resources.
2017-12-25 22:21:41,294 [Worker-237] INFO  o.e.m.c.i.embedder.EclipseLogger - skip non existing resourceDirectory C:\Users\ka264v\RestDemo\messenger\src\test\resources
2017-12-25 22:29:03,882 [Worker-247] INFO  o.e.m.c.i.embedder.EclipseLogger - Using 'UTF-8' encoding to copy filtered resources.
2017-12-25 22:29:03,882 [Worker-247] INFO  o.e.m.c.i.embedder.EclipseLogger - Copying 0 resource
2017-12-25 22:29:03,882 [Worker-247] INFO  o.e.m.c.i.embedder.EclipseLogger - Using 'UTF-8' encoding to copy filtered resources.
2017-12-25 22:29:03,882 [Worker-247] INFO  o.e.m.c.i.embedder.EclipseLogger - skip non existing resourceDirectory C:\Users\ka264v\RestDemo\messenger\src\test\resources
2017-12-25 22:35:07,180 [Worker-250] INFO  o.e.m.c.i.embedder.EclipseLogger - Using 'UTF-8' encoding to copy filtered resources.
2017-12-25 22:35:07,180 [Worker-250] INFO  o.e.m.c.i.embedder.EclipseLogger - Copying 0 resource
2017-12-25 22:35:07,180 [Worker-250] INFO  o.e.m.c.i.embedder.EclipseLogger - Using 'UTF-8' encoding to copy filtered resources.
2017-12-25 22:35:07,180 [Worker-250] INFO  o.e.m.c.i.embedder.EclipseLogger - skip non existing resourceDirectory C:\Users\ka264v\RestDemo\messenger\src\test\resources
2017-12-25 22:38:59,362 [Worker-245] INFO  o.e.m.c.i.embedder.EclipseLogger - Using 'UTF-8' encoding to copy filtered resources.
2017-12-25 22:38:59,362 [Worker-245] INFO  o.e.m.c.i.embedder.EclipseLogger - Copying 0 resource
2017-12-25 22:38:59,362 [Worker-245] INFO  o.e.m.c.i.embedder.EclipseLogger - Using 'UTF-8' encoding to copy filtered resources.
2017-12-25 22:38:59,362 [Worker-245] INFO  o.e.m.c.i.embedder.EclipseLogger - skip non existing resourceDirectory C:\Users\ka264v\RestDemo\messenger\src\test\resources
2017-12-25 22:39:27,909 [Worker-252] INFO  o.e.m.c.i.embedder.EclipseLogger - Using 'UTF-8' encoding to copy filtered resources.
2017-12-25 22:39:27,912 [Worker-252] INFO  o.e.m.c.i.embedder.EclipseLogger - Copying 0 resource
2017-12-25 22:39:27,912 [Worker-252] INFO  o.e.m.c.i.embedder.EclipseLogger - Using 'UTF-8' encoding to copy filtered resources.
2017-12-25 22:39:27,912 [Worker-252] INFO  o.e.m.c.i.embedder.EclipseLogger - skip non existing resourceDirectory C:\Users\ka264v\RestDemo\messenger\src\test\resources
2017-12-25 22:39:37,853 [Worker-249] INFO  o.e.m.c.i.embedder.EclipseLogger - Using 'UTF-8' encoding to copy filtered resources.
2017-12-25 22:39:37,853 [Worker-249] INFO  o.e.m.c.i.embedder.EclipseLogger - Copying 0 resource
2017-12-25 22:39:37,853 [Worker-249] INFO  o.e.m.c.i.embedder.EclipseLogger - Using 'UTF-8' encoding to copy filtered resources.
2017-12-25 22:39:37,853 [Worker-249] INFO  o.e.m.c.i.embedder.EclipseLogger - skip non existing resourceDirectory C:\Users\ka264v\RestDemo\messenger\src\test\resources
2017-12-25 22:40:16,099 [Worker-252] INFO  o.e.m.c.i.embedder.EclipseLogger - Using 'UTF-8' encoding to copy filtered resources.
2017-12-25 22:40:16,099 [Worker-252] INFO  o.e.m.c.i.embedder.EclipseLogger - Copying 0 resource
2017-12-25 22:40:16,099 [Worker-252] INFO  o.e.m.c.i.embedder.EclipseLogger - Using 'UTF-8' encoding to copy filtered resources.
2017-12-25 22:40:16,099 [Worker-252] INFO  o.e.m.c.i.embedder.EclipseLogger - skip non existing resourceDirectory C:\Users\ka264v\RestDemo\messenger\src\test\resources
2017-12-25 22:49:40,164 [Worker-252] INFO  o.e.m.c.i.embedder.EclipseLogger - Using 'UTF-8' encoding to copy filtered resources.
2017-12-25 22:49:40,164 [Worker-252] INFO  o.e.m.c.i.embedder.EclipseLogger - Copying 0 resource
2017-12-25 22:49:40,174 [Worker-252] INFO  o.e.m.c.i.embedder.EclipseLogger - Using 'UTF-8' encoding to copy filtered resources.
2017-12-25 22:49:40,174 [Worker-252] INFO  o.e.m.c.i.embedder.EclipseLogger - skip non existing resourceDirectory C:\Users\ka264v\RestDemo\messenger\src\test\resources
2017-12-25 22:56:09,968 [Worker-250] INFO  o.e.m.c.i.embedder.EclipseLogger - Using 'UTF-8' encoding to copy filtered resources.
2017-12-25 22:56:09,968 [Worker-250] INFO  o.e.m.c.i.embedder.EclipseLogger - Copying 0 resource
2017-12-25 22:56:09,968 [Worker-250] INFO  o.e.m.c.i.embedder.EclipseLogger - Using 'UTF-8' encoding to copy filtered resources.
2017-12-25 22:56:09,968 [Worker-250] INFO  o.e.m.c.i.embedder.EclipseLogger - skip non existing resourceDirectory C:\Users\ka264v\RestDemo\messenger\src\test\resources
2017-12-25 22:57:29,272 [Worker-250] INFO  o.e.m.c.i.embedder.EclipseLogger - Using 'UTF-8' encoding to copy filtered resources.
2017-12-25 22:57:29,272 [Worker-250] INFO  o.e.m.c.i.embedder.EclipseLogger - Copying 0 resource
2017-12-25 22:57:29,272 [Worker-250] INFO  o.e.m.c.i.embedder.EclipseLogger - Using 'UTF-8' encoding to copy filtered resources.
2017-12-25 22:57:29,272 [Worker-250] INFO  o.e.m.c.i.embedder.EclipseLogger - skip non existing resourceDirectory C:\Users\ka264v\RestDemo\messenger\src\test\resources
2017-12-25 23:00:57,202 [Worker-250] INFO  o.e.m.c.i.embedder.EclipseLogger - Using 'UTF-8' encoding to copy filtered resources.
2017-12-25 23:00:57,202 [Worker-250] INFO  o.e.m.c.i.embedder.EclipseLogger - Copying 0 resource
2017-12-25 23:00:57,205 [Worker-250] INFO  o.e.m.c.i.embedder.EclipseLogger - Using 'UTF-8' encoding to copy filtered resources.
2017-12-25 23:00:57,205 [Worker-250] INFO  o.e.m.c.i.embedder.EclipseLogger - skip non existing resourceDirectory C:\Users\ka264v\RestDemo\messenger\src\test\resources
2017-12-25 23:04:35,845 [Worker-255] INFO  o.e.m.c.i.embedder.EclipseLogger - Using 'UTF-8' encoding to copy filtered resources.
2017-12-25 23:04:35,845 [Worker-255] INFO  o.e.m.c.i.embedder.EclipseLogger - Copying 0 resource
2017-12-25 23:04:35,845 [Worker-255] INFO  o.e.m.c.i.embedder.EclipseLogger - Using 'UTF-8' encoding to copy filtered resources.
2017-12-25 23:04:35,845 [Worker-255] INFO  o.e.m.c.i.embedder.EclipseLogger - skip non existing resourceDirectory C:\Users\ka264v\RestDemo\messenger\src\test\resources
2017-12-25 23:04:45,116 [Worker-252] INFO  o.e.m.c.i.embedder.EclipseLogger - Using 'UTF-8' encoding to copy filtered resources.
2017-12-25 23:04:45,116 [Worker-252] INFO  o.e.m.c.i.embedder.EclipseLogger - Copying 0 resource
2017-12-25 23:04:45,116 [Worker-252] INFO  o.e.m.c.i.embedder.EclipseLogger - Using 'UTF-8' encoding to copy filtered resources.
2017-12-25 23:04:45,126 [Worker-252] INFO  o.e.m.c.i.embedder.EclipseLogger - skip non existing resourceDirectory C:\Users\ka264v\RestDemo\messenger\src\test\resources
2017-12-25 23:05:38,468 [Worker-250] INFO  o.e.m.c.i.embedder.EclipseLogger - Using 'UTF-8' encoding to copy filtered resources.
2017-12-25 23:05:38,468 [Worker-250] INFO  o.e.m.c.i.embedder.EclipseLogger - Copying 0 resource
2017-12-25 23:05:38,468 [Worker-250] INFO  o.e.m.c.i.embedder.EclipseLogger - Using 'UTF-8' encoding to copy filtered resources.
2017-12-25 23:05:38,468 [Worker-250] INFO  o.e.m.c.i.embedder.EclipseLogger - skip non existing resourceDirectory C:\Users\ka264v\RestDemo\messenger\src\test\resources
2017-12-25 23:48:29,898 [Worker-265] INFO  o.e.m.c.i.embedder.EclipseLogger - Using 'UTF-8' encoding to copy filtered resources.
2017-12-25 23:48:29,898 [Worker-265] INFO  o.e.m.c.i.embedder.EclipseLogger - Copying 0 resource
2017-12-25 23:48:29,898 [Worker-265] INFO  o.e.m.c.i.embedder.EclipseLogger - Using 'UTF-8' encoding to copy filtered resources.
2017-12-25 23:48:29,898 [Worker-265] INFO  o.e.m.c.i.embedder.EclipseLogger - skip non existing resourceDirectory C:\Users\ka264v\RestDemo\messenger\src\test\resources
2017-12-26 17:36:31,641 [Worker-369] INFO  o.e.m.c.i.embedder.EclipseLogger - Using 'UTF-8' encoding to copy filtered resources.
2017-12-26 17:36:31,641 [Worker-369] INFO  o.e.m.c.i.embedder.EclipseLogger - Copying 0 resource
2017-12-26 17:36:31,641 [Worker-369] INFO  o.e.m.c.i.embedder.EclipseLogger - Using 'UTF-8' encoding to copy filtered resources.
2017-12-26 17:36:31,641 [Worker-369] INFO  o.e.m.c.i.embedder.EclipseLogger - skip non existing resourceDirectory C:\Users\ka264v\RestDemo\messenger\src\test\resources
2018-01-02 11:29:30,771 [Worker-9] INFO  o.e.m.c.i.embedder.EclipseLogger - Using 'UTF-8' encoding to copy filtered resources.
2018-01-02 11:29:30,781 [Worker-9] INFO  o.e.m.c.i.embedder.EclipseLogger - Copying 0 resource
2018-01-02 11:29:30,791 [Worker-9] INFO  o.e.m.c.i.embedder.EclipseLogger - Using 'UTF-8' encoding to copy filtered resources.
2018-01-02 11:29:30,791 [Worker-9] INFO  o.e.m.c.i.embedder.EclipseLogger - skip non existing resourceDirectory C:\Users\ka264v\RestDemo\messenger\src\test\resources
2018-01-02 13:03:04,579 [ModalContext] INFO  o.e.m.c.i.e.AbstractTransferListenerAdapter - Downloading http://repo.maven.apache.org/maven2/org/apache/maven/archetypes/maven-archetype-quickstart/maven-metadata.xml
2018-01-02 13:03:04,655 [ModalContext] INFO  o.e.m.c.i.e.AbstractTransferListenerAdapter - Downloaded http://repo.maven.apache.org/maven2/org/apache/maven/archetypes/maven-archetype-quickstart/maven-metadata.xml
2018-01-02 13:03:05,140 [ModalContext] INFO  o.e.m.c.i.e.AbstractTransferListenerAdapter - Downloading http://repo.maven.apache.org/maven2/org/apache/maven/archetypes/maven-archetype-quickstart/1.1/maven-archetype-quickstart-1.1.jar
2018-01-02 13:03:05,210 [ModalContext] INFO  o.e.m.c.i.e.AbstractTransferListenerAdapter - Downloaded http://repo.maven.apache.org/maven2/org/apache/maven/archetypes/maven-archetype-quickstart/1.1/maven-archetype-quickstart-1.1.jar
2018-01-02 13:20:27,180 [main] INFO  o.e.m2e.actions.ExecutePomAction - Creating new launch configuration
2018-01-02 13:20:46,437 [main] INFO  o.e.m2e.actions.ExecutePomAction - Using existing launch configuration
2018-01-02 13:21:42,053 [Worker-36] INFO  o.e.m.i.launch.MavenLaunchDelegate - C:\Users\ka264v\RestDemo\messenger
2018-01-02 13:21:42,053 [Worker-36] INFO  o.e.m.i.launch.MavenLaunchDelegate -  mvn  -B 
2018-01-02 13:22:14,517 [main] INFO  o.e.m2e.actions.ExecutePomAction - Using existing launch configuration
2018-01-02 13:22:46,666 [Worker-39] INFO  o.e.m.i.launch.MavenLaunchDelegate - C:\Users\ka264v\RestDemo\messenger
2018-01-02 13:22:46,666 [Worker-39] INFO  o.e.m.i.launch.MavenLaunchDelegate -  mvn  -B clean install
